11:21:53.048 [main] DEBUG org.hibernate.SQL - drop table if exists game_user
11:21:53.050 [main] DEBUG org.hibernate.SQL - drop table if exists gamerecord
11:21:53.050 [main] DEBUG org.hibernate.SQL - drop table if exists hibernate_sequence
11:21:53.053 [main] DEBUG org.hibernate.SQL - create table game_user (id_user bigint not null, userName varchar(255), primary key (id_user))
11:21:53.075 [main] DEBUG org.hibernate.SQL - create table gamerecord (id_gamerecord bigint not null, numGuesses integer not null, timestamp datetime, word varchar(255), id_user bigint, primary key (id_gamerecord))
11:21:53.079 [main] DEBUG org.hibernate.SQL - create table hibernate_sequence (next_val bigint)
11:21:53.083 [main] DEBUG org.hibernate.SQL - insert into hibernate_sequence values ( 1 )
11:23:07.469 [main] DEBUG org.hibernate.SQL - select user0_.id_user as id_user1_0_, user0_.userName as username2_0_ from game_user user0_ where user0_.userName='Khan'
11:23:07.485 [main] DEBUG org.hibernate.SQL - select next_val as id_val from hibernate_sequence
11:23:07.485 [main] DEBUG org.hibernate.SQL - update hibernate_sequence set next_val= ? where next_val=?
11:23:07.511 [main] DEBUG org.hibernate.SQL - insert into game_user (userName, id_user) values (?, ?)
11:23:07.514 [main] TRACE org.hibernate.type.descriptor.sql.BasicBinder - binding parameter [1] as [VARCHAR] - [Khan]
11:23:07.515 [main] TRACE org.hibernate.type.descriptor.sql.BasicBinder - binding parameter [2] as [BIGINT] - [1]
11:23:33.403 [main] DEBUG org.hibernate.SQL - select user0_.id_user as id_user1_0_, user0_.userName as username2_0_ from game_user user0_ where user0_.userName='random'
11:23:39.829 [main] DEBUG org.hibernate.SQL - select user0_.id_user as id_user1_0_, user0_.userName as username2_0_ from game_user user0_ where user0_.userName='random'
11:23:52.951 [main] DEBUG org.hibernate.SQL - select user0_.id_user as id_user1_0_, user0_.userName as username2_0_ from game_user user0_ where user0_.userName='random'
11:24:04.361 [main] DEBUG org.hibernate.SQL - select user0_.id_user as id_user1_0_, user0_.userName as username2_0_ from game_user user0_ where user0_.userName='random'
11:24:20.173 [main] DEBUG org.hibernate.SQL - select user0_.id_user as id_user1_0_, user0_.userName as username2_0_ from game_user user0_ where user0_.userName='Khan'
11:24:20.175 [main] TRACE org.hibernate.type.descriptor.sql.BasicExtractor - extracted value ([id_user1_0_] : [BIGINT]) - [1]
11:24:20.178 [main] TRACE org.hibernate.type.descriptor.sql.BasicExtractor - extracted value ([username2_0_] : [VARCHAR]) - [Khan]
11:24:20.195 [main] DEBUG org.hibernate.SQL - select gamerecord0_.id_user as id_user5_1_0_, gamerecord0_.id_gamerecord as id_gamer1_1_0_, gamerecord0_.id_gamerecord as id_gamer1_1_1_, gamerecord0_.numGuesses as numguess2_1_1_, gamerecord0_.timestamp as timestam3_1_1_, gamerecord0_.id_user as id_user5_1_1_, gamerecord0_.word as word4_1_1_ from gamerecord gamerecord0_ where gamerecord0_.id_user=?
11:24:20.195 [main] TRACE org.hibernate.type.descriptor.sql.BasicBinder - binding parameter [1] as [BIGINT] - [1]
11:24:20.450 [main] DEBUG org.hibernate.SQL - select next_val as id_val from hibernate_sequence
11:24:20.450 [main] DEBUG org.hibernate.SQL - update hibernate_sequence set next_val= ? where next_val=?
11:24:20.464 [main] DEBUG org.hibernate.SQL - insert into gamerecord (numGuesses, timestamp, id_user, word, id_gamerecord) values (?, ?, ?, ?, ?)
11:24:20.465 [main] TRACE org.hibernate.type.descriptor.sql.BasicBinder - binding parameter [1] as [INTEGER] - [895]
11:24:20.466 [main] TRACE org.hibernate.type.descriptor.sql.BasicBinder - binding parameter [2] as [TIMESTAMP] - [Tue May 31 11:24:20 NZST 2022]
11:24:20.466 [main] TRACE org.hibernate.type.descriptor.sql.BasicBinder - binding parameter [3] as [BIGINT] - [1]
11:24:20.466 [main] TRACE org.hibernate.type.descriptor.sql.BasicBinder - binding parameter [4] as [VARCHAR] - [hairy]
11:24:20.466 [main] TRACE org.hibernate.type.descriptor.sql.BasicBinder - binding parameter [5] as [BIGINT] - [2]
11:24:43.418 [main] DEBUG org.hibernate.SQL - select user0_.id_user as id_user1_0_, user0_.userName as username2_0_ from game_user user0_ where user0_.userName='Khan'
11:24:43.419 [main] TRACE org.hibernate.type.descriptor.sql.BasicExtractor - extracted value ([id_user1_0_] : [BIGINT]) - [1]
11:24:43.419 [main] TRACE org.hibernate.type.descriptor.sql.BasicExtractor - extracted value ([username2_0_] : [VARCHAR]) - [Khan]
11:24:43.421 [main] DEBUG org.hibernate.SQL - select gamerecord0_.id_user as id_user5_1_0_, gamerecord0_.id_gamerecord as id_gamer1_1_0_, gamerecord0_.id_gamerecord as id_gamer1_1_1_, gamerecord0_.numGuesses as numguess2_1_1_, gamerecord0_.timestamp as timestam3_1_1_, gamerecord0_.id_user as id_user5_1_1_, gamerecord0_.word as word4_1_1_ from gamerecord gamerecord0_ where gamerecord0_.id_user=?
11:24:43.421 [main] TRACE org.hibernate.type.descriptor.sql.BasicBinder - binding parameter [1] as [BIGINT] - [1]
11:24:43.422 [main] TRACE org.hibernate.type.descriptor.sql.BasicExtractor - extracted value ([id_gamer1_1_1_] : [BIGINT]) - [2]
11:24:43.423 [main] TRACE org.hibernate.type.descriptor.sql.BasicExtractor - extracted value ([numguess2_1_1_] : [INTEGER]) - [895]
11:24:43.424 [main] TRACE org.hibernate.type.descriptor.sql.BasicExtractor - extracted value ([timestam3_1_1_] : [TIMESTAMP]) - [2022-05-31 11:24:20.447]
11:24:43.424 [main] TRACE org.hibernate.type.descriptor.sql.BasicExtractor - extracted value ([id_user5_1_1_] : [BIGINT]) - [1]
11:24:43.424 [main] TRACE org.hibernate.type.descriptor.sql.BasicExtractor - extracted value ([word4_1_1_] : [VARCHAR]) - [hairy]
11:24:43.424 [main] TRACE org.hibernate.type.descriptor.sql.BasicExtractor - extracted value ([id_user5_1_0_] : [BIGINT]) - [1]
11:24:43.425 [main] TRACE org.hibernate.type.descriptor.sql.BasicExtractor - extracted value ([id_gamer1_1_0_] : [BIGINT]) - [2]
11:24:43.684 [main] DEBUG org.hibernate.SQL - select next_val as id_val from hibernate_sequence
11:24:43.684 [main] DEBUG org.hibernate.SQL - update hibernate_sequence set next_val= ? where next_val=?
11:24:43.694 [main] DEBUG org.hibernate.SQL - insert into gamerecord (numGuesses, timestamp, id_user, word, id_gamerecord) values (?, ?, ?, ?, ?)
11:24:43.694 [main] TRACE org.hibernate.type.descriptor.sql.BasicBinder - binding parameter [1] as [INTEGER] - [5]
11:24:43.694 [main] TRACE org.hibernate.type.descriptor.sql.BasicBinder - binding parameter [2] as [TIMESTAMP] - [Tue May 31 11:24:43 NZST 2022]
11:24:43.695 [main] TRACE org.hibernate.type.descriptor.sql.BasicBinder - binding parameter [3] as [BIGINT] - [1]
11:24:43.695 [main] TRACE org.hibernate.type.descriptor.sql.BasicBinder - binding parameter [4] as [VARCHAR] - [clubs]
11:24:43.695 [main] TRACE org.hibernate.type.descriptor.sql.BasicBinder - binding parameter [5] as [BIGINT] - [3]
11:24:57.553 [main] DEBUG org.hibernate.SQL - select user0_.id_user as id_user1_0_, user0_.userName as username2_0_ from game_user user0_ where user0_.userName='Khan'
11:24:57.554 [main] TRACE org.hibernate.type.descriptor.sql.BasicExtractor - extracted value ([id_user1_0_] : [BIGINT]) - [1]
11:24:57.554 [main] TRACE org.hibernate.type.descriptor.sql.BasicExtractor - extracted value ([username2_0_] : [VARCHAR]) - [Khan]
11:24:57.555 [main] DEBUG org.hibernate.SQL - select gamerecord0_.id_user as id_user5_1_0_, gamerecord0_.id_gamerecord as id_gamer1_1_0_, gamerecord0_.id_gamerecord as id_gamer1_1_1_, gamerecord0_.numGuesses as numguess2_1_1_, gamerecord0_.timestamp as timestam3_1_1_, gamerecord0_.id_user as id_user5_1_1_, gamerecord0_.word as word4_1_1_ from gamerecord gamerecord0_ where gamerecord0_.id_user=?
11:24:57.556 [main] TRACE org.hibernate.type.descriptor.sql.BasicBinder - binding parameter [1] as [BIGINT] - [1]
11:24:57.556 [main] TRACE org.hibernate.type.descriptor.sql.BasicExtractor - extracted value ([id_gamer1_1_1_] : [BIGINT]) - [2]
11:24:57.556 [main] TRACE org.hibernate.type.descriptor.sql.BasicExtractor - extracted value ([numguess2_1_1_] : [INTEGER]) - [895]
11:24:57.556 [main] TRACE org.hibernate.type.descriptor.sql.BasicExtractor - extracted value ([timestam3_1_1_] : [TIMESTAMP]) - [2022-05-31 11:24:20.447]
11:24:57.556 [main] TRACE org.hibernate.type.descriptor.sql.BasicExtractor - extracted value ([id_user5_1_1_] : [BIGINT]) - [1]
11:24:57.556 [main] TRACE org.hibernate.type.descriptor.sql.BasicExtractor - extracted value ([word4_1_1_] : [VARCHAR]) - [hairy]
11:24:57.556 [main] TRACE org.hibernate.type.descriptor.sql.BasicExtractor - extracted value ([id_user5_1_0_] : [BIGINT]) - [1]
11:24:57.557 [main] TRACE org.hibernate.type.descriptor.sql.BasicExtractor - extracted value ([id_gamer1_1_0_] : [BIGINT]) - [2]
11:24:57.557 [main] TRACE org.hibernate.type.descriptor.sql.BasicExtractor - extracted value ([id_gamer1_1_1_] : [BIGINT]) - [3]
11:24:57.557 [main] TRACE org.hibernate.type.descriptor.sql.BasicExtractor - extracted value ([numguess2_1_1_] : [INTEGER]) - [5]
11:24:57.557 [main] TRACE org.hibernate.type.descriptor.sql.BasicExtractor - extracted value ([timestam3_1_1_] : [TIMESTAMP]) - [2022-05-31 11:24:43.683]
11:24:57.557 [main] TRACE org.hibernate.type.descriptor.sql.BasicExtractor - extracted value ([id_user5_1_1_] : [BIGINT]) - [1]
11:24:57.557 [main] TRACE org.hibernate.type.descriptor.sql.BasicExtractor - extracted value ([word4_1_1_] : [VARCHAR]) - [clubs]
11:24:57.557 [main] TRACE org.hibernate.type.descriptor.sql.BasicExtractor - extracted value ([id_user5_1_0_] : [BIGINT]) - [1]
11:24:57.557 [main] TRACE org.hibernate.type.descriptor.sql.BasicExtractor - extracted value ([id_gamer1_1_0_] : [BIGINT]) - [3]
17:42:17.681 [main] DEBUG org.hibernate.SQL - drop table if exists game_user
17:42:17.696 [main] DEBUG org.hibernate.SQL - drop table if exists gamerecord
17:42:17.706 [main] DEBUG org.hibernate.SQL - drop table if exists hibernate_sequence
17:42:17.720 [main] DEBUG org.hibernate.SQL - create table game_user (id_user bigint not null, userName varchar(255), primary key (id_user))
17:42:17.731 [main] DEBUG org.hibernate.SQL - create table gamerecord (id_gamerecord bigint not null, numGuesses integer not null, timestamp datetime, word varchar(255), id_user bigint, primary key (id_gamerecord))
17:42:17.742 [main] DEBUG org.hibernate.SQL - create table hibernate_sequence (next_val bigint)
17:42:17.752 [main] DEBUG org.hibernate.SQL - insert into hibernate_sequence values ( 1 )
17:45:10.589 [main] DEBUG org.hibernate.SQL - drop table if exists game_user
17:45:10.607 [main] DEBUG org.hibernate.SQL - drop table if exists gamerecord
17:45:10.617 [main] DEBUG org.hibernate.SQL - drop table if exists hibernate_sequence
17:45:10.641 [main] DEBUG org.hibernate.SQL - create table game_user (id_user bigint not null, userName varchar(255), primary key (id_user))
17:45:10.658 [main] DEBUG org.hibernate.SQL - create table gamerecord (id_gamerecord bigint not null, numGuesses integer not null, timestamp datetime, word varchar(255), id_user bigint, primary key (id_gamerecord))
17:45:10.671 [main] DEBUG org.hibernate.SQL - create table hibernate_sequence (next_val bigint)
17:45:10.683 [main] DEBUG org.hibernate.SQL - insert into hibernate_sequence values ( 1 )
17:45:46.784 [main] DEBUG org.hibernate.SQL - select user0_.id_user as id_user1_0_, user0_.userName as username2_0_ from game_user user0_ where user0_.userName='khan'
17:45:46.809 [main] DEBUG org.hibernate.SQL - select next_val as id_val from hibernate_sequence
17:45:46.810 [main] DEBUG org.hibernate.SQL - update hibernate_sequence set next_val= ? where next_val=?
17:45:46.852 [main] DEBUG org.hibernate.SQL - insert into game_user (userName, id_user) values (?, ?)
17:45:46.853 [main] TRACE org.hibernate.type.descriptor.sql.BasicBinder - binding parameter [1] as [VARCHAR] - [khan]
17:45:46.853 [main] TRACE org.hibernate.type.descriptor.sql.BasicBinder - binding parameter [2] as [BIGINT] - [1]
17:45:54.649 [main] DEBUG org.hibernate.SQL - select user0_.id_user as id_user1_0_, user0_.userName as username2_0_ from game_user user0_ where user0_.userName='khan'
17:45:54.651 [main] TRACE org.hibernate.type.descriptor.sql.BasicExtractor - extracted value ([id_user1_0_] : [BIGINT]) - [1]
17:45:54.655 [main] TRACE org.hibernate.type.descriptor.sql.BasicExtractor - extracted value ([username2_0_] : [VARCHAR]) - [khan]
17:45:54.670 [main] DEBUG org.hibernate.SQL - select gamerecord0_.id_user as id_user5_1_0_, gamerecord0_.id_gamerecord as id_gamer1_1_0_, gamerecord0_.id_gamerecord as id_gamer1_1_1_, gamerecord0_.numGuesses as numguess2_1_1_, gamerecord0_.timestamp as timestam3_1_1_, gamerecord0_.id_user as id_user5_1_1_, gamerecord0_.word as word4_1_1_ from gamerecord gamerecord0_ where gamerecord0_.id_user=?
17:45:54.670 [main] TRACE org.hibernate.type.descriptor.sql.BasicBinder - binding parameter [1] as [BIGINT] - [1]
17:50:37.018 [main] DEBUG org.hibernate.SQL - drop table if exists game_user
17:50:37.043 [main] DEBUG org.hibernate.SQL - drop table if exists gamerecord
17:50:37.052 [main] DEBUG org.hibernate.SQL - drop table if exists hibernate_sequence
17:50:37.067 [main] DEBUG org.hibernate.SQL - create table game_user (id_user bigint not null, userName varchar(255), primary key (id_user))
17:50:37.079 [main] DEBUG org.hibernate.SQL - create table gamerecord (id_gamerecord bigint not null, numGuesses integer not null, timestamp datetime, word varchar(255), id_user bigint, primary key (id_gamerecord))
17:50:37.090 [main] DEBUG org.hibernate.SQL - create table hibernate_sequence (next_val bigint)
17:50:37.100 [main] DEBUG org.hibernate.SQL - insert into hibernate_sequence values ( 1 )
17:50:45.022 [main] DEBUG org.hibernate.SQL - select user0_.id_user as id_user1_0_, user0_.userName as username2_0_ from game_user user0_ where user0_.userName='khan'
17:50:45.049 [main] DEBUG org.hibernate.SQL - select next_val as id_val from hibernate_sequence
17:50:45.050 [main] DEBUG org.hibernate.SQL - update hibernate_sequence set next_val= ? where next_val=?
17:50:45.095 [main] DEBUG org.hibernate.SQL - insert into game_user (userName, id_user) values (?, ?)
17:50:45.098 [main] TRACE org.hibernate.type.descriptor.sql.BasicBinder - binding parameter [1] as [VARCHAR] - [khan]
17:50:45.099 [main] TRACE org.hibernate.type.descriptor.sql.BasicBinder - binding parameter [2] as [BIGINT] - [1]
17:50:55.804 [main] DEBUG org.hibernate.SQL - select user0_.id_user as id_user1_0_, user0_.userName as username2_0_ from game_user user0_ where user0_.userName='khan'
17:50:55.808 [main] TRACE org.hibernate.type.descriptor.sql.BasicExtractor - extracted value ([id_user1_0_] : [BIGINT]) - [1]
17:50:55.811 [main] TRACE org.hibernate.type.descriptor.sql.BasicExtractor - extracted value ([username2_0_] : [VARCHAR]) - [khan]
17:50:55.831 [main] DEBUG org.hibernate.SQL - select gamerecord0_.id_user as id_user5_1_0_, gamerecord0_.id_gamerecord as id_gamer1_1_0_, gamerecord0_.id_gamerecord as id_gamer1_1_1_, gamerecord0_.numGuesses as numguess2_1_1_, gamerecord0_.timestamp as timestam3_1_1_, gamerecord0_.id_user as id_user5_1_1_, gamerecord0_.word as word4_1_1_ from gamerecord gamerecord0_ where gamerecord0_.id_user=?
17:50:55.831 [main] TRACE org.hibernate.type.descriptor.sql.BasicBinder - binding parameter [1] as [BIGINT] - [1]
17:52:15.026 [main] DEBUG org.hibernate.SQL - drop table if exists game_user
17:52:15.052 [main] DEBUG org.hibernate.SQL - drop table if exists gamerecord
17:52:15.064 [main] DEBUG org.hibernate.SQL - drop table if exists hibernate_sequence
17:52:15.081 [main] DEBUG org.hibernate.SQL - create table game_user (id_user bigint not null, userName varchar(255), primary key (id_user))
17:52:15.094 [main] DEBUG org.hibernate.SQL - create table gamerecord (id_gamerecord bigint not null, numGuesses integer not null, timestamp datetime, word varchar(255), id_user bigint, primary key (id_gamerecord))
17:52:15.109 [main] DEBUG org.hibernate.SQL - create table hibernate_sequence (next_val bigint)
17:52:15.120 [main] DEBUG org.hibernate.SQL - insert into hibernate_sequence values ( 1 )
17:52:49.161 [main] DEBUG org.hibernate.SQL - select user0_.id_user as id_user1_0_, user0_.userName as username2_0_ from game_user user0_ where user0_.userName='khan'
17:52:49.189 [main] DEBUG org.hibernate.SQL - select next_val as id_val from hibernate_sequence
17:52:49.190 [main] DEBUG org.hibernate.SQL - update hibernate_sequence set next_val= ? where next_val=?
17:52:49.301 [main] DEBUG org.hibernate.SQL - insert into game_user (userName, id_user) values (?, ?)
17:52:49.301 [main] TRACE org.hibernate.type.descriptor.sql.BasicBinder - binding parameter [1] as [VARCHAR] - [khan]
17:52:49.301 [main] TRACE org.hibernate.type.descriptor.sql.BasicBinder - binding parameter [2] as [BIGINT] - [1]
17:52:54.895 [main] DEBUG org.hibernate.SQL - select user0_.id_user as id_user1_0_, user0_.userName as username2_0_ from game_user user0_ where user0_.userName='khan'
17:52:54.895 [main] TRACE org.hibernate.type.descriptor.sql.BasicExtractor - extracted value ([id_user1_0_] : [BIGINT]) - [1]
17:52:54.904 [main] TRACE org.hibernate.type.descriptor.sql.BasicExtractor - extracted value ([username2_0_] : [VARCHAR]) - [khan]
17:52:54.918 [main] DEBUG org.hibernate.SQL - select gamerecord0_.id_user as id_user5_1_0_, gamerecord0_.id_gamerecord as id_gamer1_1_0_, gamerecord0_.id_gamerecord as id_gamer1_1_1_, gamerecord0_.numGuesses as numguess2_1_1_, gamerecord0_.timestamp as timestam3_1_1_, gamerecord0_.id_user as id_user5_1_1_, gamerecord0_.word as word4_1_1_ from gamerecord gamerecord0_ where gamerecord0_.id_user=?
17:52:54.918 [main] TRACE org.hibernate.type.descriptor.sql.BasicBinder - binding parameter [1] as [BIGINT] - [1]
17:55:05.414 [main] DEBUG org.hibernate.SQL - select gamerecord0_.id_gamerecord as id_gamer1_1_, gamerecord0_.numGuesses as numguess2_1_, gamerecord0_.timestamp as timestam3_1_, gamerecord0_.id_user as id_user5_1_, gamerecord0_.word as word4_1_ from gamerecord gamerecord0_ order by gamerecord0_.numGuesses ASC
17:55:18.881 [main] DEBUG org.hibernate.SQL - drop table if exists game_user
17:55:18.908 [main] DEBUG org.hibernate.SQL - drop table if exists gamerecord
17:55:18.919 [main] DEBUG org.hibernate.SQL - drop table if exists hibernate_sequence
17:55:18.943 [main] DEBUG org.hibernate.SQL - create table game_user (id_user bigint not null, userName varchar(255), primary key (id_user))
17:55:18.954 [main] DEBUG org.hibernate.SQL - create table gamerecord (id_gamerecord bigint not null, numGuesses integer not null, timestamp datetime, word varchar(255), id_user bigint, primary key (id_gamerecord))
17:55:18.965 [main] DEBUG org.hibernate.SQL - create table hibernate_sequence (next_val bigint)
17:55:18.975 [main] DEBUG org.hibernate.SQL - insert into hibernate_sequence values ( 1 )
17:55:30.952 [main] DEBUG org.hibernate.SQL - select user0_.id_user as id_user1_0_, user0_.userName as username2_0_ from game_user user0_ where user0_.userName='khan'
17:55:30.978 [main] DEBUG org.hibernate.SQL - select next_val as id_val from hibernate_sequence
17:55:30.979 [main] DEBUG org.hibernate.SQL - update hibernate_sequence set next_val= ? where next_val=?
17:55:31.030 [main] DEBUG org.hibernate.SQL - insert into game_user (userName, id_user) values (?, ?)
17:55:31.033 [main] TRACE org.hibernate.type.descriptor.sql.BasicBinder - binding parameter [1] as [VARCHAR] - [khan]
17:55:31.033 [main] TRACE org.hibernate.type.descriptor.sql.BasicBinder - binding parameter [2] as [BIGINT] - [1]
17:55:36.831 [main] DEBUG org.hibernate.SQL - select user0_.id_user as id_user1_0_, user0_.userName as username2_0_ from game_user user0_ where user0_.userName='khan'
17:55:36.835 [main] TRACE org.hibernate.type.descriptor.sql.BasicExtractor - extracted value ([id_user1_0_] : [BIGINT]) - [1]
17:55:36.839 [main] TRACE org.hibernate.type.descriptor.sql.BasicExtractor - extracted value ([username2_0_] : [VARCHAR]) - [khan]
17:55:36.852 [main] DEBUG org.hibernate.SQL - select gamerecord0_.id_user as id_user5_1_0_, gamerecord0_.id_gamerecord as id_gamer1_1_0_, gamerecord0_.id_gamerecord as id_gamer1_1_1_, gamerecord0_.numGuesses as numguess2_1_1_, gamerecord0_.timestamp as timestam3_1_1_, gamerecord0_.id_user as id_user5_1_1_, gamerecord0_.word as word4_1_1_ from gamerecord gamerecord0_ where gamerecord0_.id_user=?
17:55:36.852 [main] TRACE org.hibernate.type.descriptor.sql.BasicBinder - binding parameter [1] as [BIGINT] - [1]
17:19:41.452 [main] DEBUG org.hibernate.SQL - drop table if exists game_user
17:19:41.465 [main] DEBUG org.hibernate.SQL - drop table if exists gamerecord
17:19:41.471 [main] DEBUG org.hibernate.SQL - drop table if exists hibernate_sequence
17:19:41.482 [main] DEBUG org.hibernate.SQL - create table game_user (id_user bigint not null, userName varchar(255), primary key (id_user))
17:19:41.486 [main] DEBUG org.hibernate.SQL - create table gamerecord (id_gamerecord bigint not null, numGuesses integer not null, timestamp datetime, word varchar(255), id_user bigint, primary key (id_gamerecord))
17:19:41.491 [main] DEBUG org.hibernate.SQL - create table hibernate_sequence (next_val bigint)
17:19:41.495 [main] DEBUG org.hibernate.SQL - insert into hibernate_sequence values ( 1 )
17:37:20.961 [main] DEBUG org.hibernate.SQL - drop table if exists game_user
17:37:20.968 [main] DEBUG org.hibernate.SQL - drop table if exists gamerecord
17:37:20.973 [main] DEBUG org.hibernate.SQL - drop table if exists hibernate_sequence
17:37:20.980 [main] DEBUG org.hibernate.SQL - create table game_user (id_user bigint not null, userName varchar(255), primary key (id_user))
17:37:20.984 [main] DEBUG org.hibernate.SQL - create table gamerecord (id_gamerecord bigint not null, numGuesses integer not null, timestamp datetime, word varchar(255), id_user bigint, primary key (id_gamerecord))
17:37:20.990 [main] DEBUG org.hibernate.SQL - create table hibernate_sequence (next_val bigint)
17:37:20.994 [main] DEBUG org.hibernate.SQL - insert into hibernate_sequence values ( 1 )
17:38:15.367 [main] DEBUG org.hibernate.SQL - select user0_.id_user as id_user1_0_, user0_.userName as username2_0_ from game_user user0_ where user0_.userName='Khan'
17:38:15.387 [main] DEBUG org.hibernate.SQL - select next_val as id_val from hibernate_sequence
17:38:15.387 [main] DEBUG org.hibernate.SQL - update hibernate_sequence set next_val= ? where next_val=?
17:38:15.415 [main] DEBUG org.hibernate.SQL - insert into game_user (userName, id_user) values (?, ?)
17:38:15.417 [main] TRACE org.hibernate.type.descriptor.sql.BasicBinder - binding parameter [1] as [VARCHAR] - [Khan]
17:38:15.418 [main] TRACE org.hibernate.type.descriptor.sql.BasicBinder - binding parameter [2] as [BIGINT] - [1]
17:38:31.245 [main] DEBUG org.hibernate.SQL - select user0_.id_user as id_user1_0_, user0_.userName as username2_0_ from game_user user0_ where user0_.userName='Khan'
17:38:31.247 [main] TRACE org.hibernate.type.descriptor.sql.BasicExtractor - extracted value ([id_user1_0_] : [BIGINT]) - [1]
17:38:31.248 [main] TRACE org.hibernate.type.descriptor.sql.BasicExtractor - extracted value ([username2_0_] : [VARCHAR]) - [Khan]
17:38:31.260 [main] DEBUG org.hibernate.SQL - select gamerecord0_.id_user as id_user5_1_0_, gamerecord0_.id_gamerecord as id_gamer1_1_0_, gamerecord0_.id_gamerecord as id_gamer1_1_1_, gamerecord0_.numGuesses as numguess2_1_1_, gamerecord0_.timestamp as timestam3_1_1_, gamerecord0_.id_user as id_user5_1_1_, gamerecord0_.word as word4_1_1_ from gamerecord gamerecord0_ where gamerecord0_.id_user=?
17:38:31.260 [main] TRACE org.hibernate.type.descriptor.sql.BasicBinder - binding parameter [1] as [BIGINT] - [1]
17:40:22.459 [main] DEBUG org.hibernate.SQL - drop table if exists game_user
17:40:22.467 [main] DEBUG org.hibernate.SQL - drop table if exists gamerecord
17:40:22.472 [main] DEBUG org.hibernate.SQL - drop table if exists hibernate_sequence
17:40:22.480 [main] DEBUG org.hibernate.SQL - create table game_user (id_user bigint not null, userName varchar(255), primary key (id_user))
17:40:22.485 [main] DEBUG org.hibernate.SQL - create table gamerecord (id_gamerecord bigint not null, numGuesses integer not null, timestamp datetime, word varchar(255), id_user bigint, primary key (id_gamerecord))
17:40:22.491 [main] DEBUG org.hibernate.SQL - create table hibernate_sequence (next_val bigint)
17:40:22.495 [main] DEBUG org.hibernate.SQL - insert into hibernate_sequence values ( 1 )
17:40:57.691 [main] DEBUG org.hibernate.SQL - select user0_.id_user as id_user1_0_, user0_.userName as username2_0_ from game_user user0_ where user0_.userName='khan'
17:40:57.712 [main] DEBUG org.hibernate.SQL - select next_val as id_val from hibernate_sequence
17:40:57.713 [main] DEBUG org.hibernate.SQL - update hibernate_sequence set next_val= ? where next_val=?
17:40:57.749 [main] DEBUG org.hibernate.SQL - insert into game_user (userName, id_user) values (?, ?)
17:40:57.750 [main] TRACE org.hibernate.type.descriptor.sql.BasicBinder - binding parameter [1] as [VARCHAR] - [khan]
17:40:57.751 [main] TRACE org.hibernate.type.descriptor.sql.BasicBinder - binding parameter [2] as [BIGINT] - [1]
17:41:06.380 [main] DEBUG org.hibernate.SQL - select user0_.id_user as id_user1_0_, user0_.userName as username2_0_ from game_user user0_ where user0_.userName='khan'
17:41:06.381 [main] TRACE org.hibernate.type.descriptor.sql.BasicExtractor - extracted value ([id_user1_0_] : [BIGINT]) - [1]
17:41:06.383 [main] TRACE org.hibernate.type.descriptor.sql.BasicExtractor - extracted value ([username2_0_] : [VARCHAR]) - [khan]
17:41:06.397 [main] DEBUG org.hibernate.SQL - select gamerecord0_.id_user as id_user5_1_0_, gamerecord0_.id_gamerecord as id_gamer1_1_0_, gamerecord0_.id_gamerecord as id_gamer1_1_1_, gamerecord0_.numGuesses as numguess2_1_1_, gamerecord0_.timestamp as timestam3_1_1_, gamerecord0_.id_user as id_user5_1_1_, gamerecord0_.word as word4_1_1_ from gamerecord gamerecord0_ where gamerecord0_.id_user=?
17:41:06.397 [main] TRACE org.hibernate.type.descriptor.sql.BasicBinder - binding parameter [1] as [BIGINT] - [1]
17:42:05.098 [main] DEBUG org.hibernate.SQL - select gamerecord0_.id_gamerecord as id_gamer1_1_, gamerecord0_.numGuesses as numguess2_1_, gamerecord0_.timestamp as timestam3_1_, gamerecord0_.id_user as id_user5_1_, gamerecord0_.word as word4_1_ from gamerecord gamerecord0_ order by gamerecord0_.numGuesses ASC
17:43:53.482 [main] DEBUG org.hibernate.SQL - select user0_.id_user as id_user1_0_, user0_.userName as username2_0_ from game_user user0_ where user0_.userName='khan'
17:43:53.483 [main] TRACE org.hibernate.type.descriptor.sql.BasicExtractor - extracted value ([id_user1_0_] : [BIGINT]) - [1]
17:43:53.484 [main] TRACE org.hibernate.type.descriptor.sql.BasicExtractor - extracted value ([username2_0_] : [VARCHAR]) - [khan]
17:43:53.486 [main] DEBUG org.hibernate.SQL - select gamerecord0_.id_user as id_user5_1_0_, gamerecord0_.id_gamerecord as id_gamer1_1_0_, gamerecord0_.id_gamerecord as id_gamer1_1_1_, gamerecord0_.numGuesses as numguess2_1_1_, gamerecord0_.timestamp as timestam3_1_1_, gamerecord0_.id_user as id_user5_1_1_, gamerecord0_.word as word4_1_1_ from gamerecord gamerecord0_ where gamerecord0_.id_user=?
17:43:53.486 [main] TRACE org.hibernate.type.descriptor.sql.BasicBinder - binding parameter [1] as [BIGINT] - [1]
18:16:20.361 [main] DEBUG org.hibernate.SQL - drop table if exists game_user
18:16:20.376 [main] DEBUG org.hibernate.SQL - drop table if exists gamerecord
18:16:20.381 [main] DEBUG org.hibernate.SQL - drop table if exists hibernate_sequence
18:16:20.387 [main] DEBUG org.hibernate.SQL - create table game_user (id_user bigint not null, userName varchar(255), primary key (id_user))
18:16:20.393 [main] DEBUG org.hibernate.SQL - create table gamerecord (id_gamerecord bigint not null, numGuesses integer not null, timestamp datetime, word varchar(255), id_user bigint, primary key (id_gamerecord))
18:16:20.398 [main] DEBUG org.hibernate.SQL - create table hibernate_sequence (next_val bigint)
18:16:20.403 [main] DEBUG org.hibernate.SQL - insert into hibernate_sequence values ( 1 )
23:54:22.309 [main] DEBUG org.hibernate.SQL - drop table if exists game_user
23:54:22.319 [main] DEBUG org.hibernate.SQL - drop table if exists gamerecord
23:54:22.324 [main] DEBUG org.hibernate.SQL - drop table if exists hibernate_sequence
23:54:22.331 [main] DEBUG org.hibernate.SQL - create table game_user (id_user bigint not null, userName varchar(255), primary key (id_user))
23:54:22.336 [main] DEBUG org.hibernate.SQL - create table gamerecord (id_gamerecord bigint not null, numGuesses integer not null, timestamp datetime, word varchar(255), id_user bigint, primary key (id_gamerecord))
23:54:22.341 [main] DEBUG org.hibernate.SQL - create table hibernate_sequence (next_val bigint)
23:54:22.346 [main] DEBUG org.hibernate.SQL - insert into hibernate_sequence values ( 1 )
23:54:33.078 [main] DEBUG org.hibernate.SQL - select user0_.id_user as id_user1_0_, user0_.userName as username2_0_ from game_user user0_ where user0_.userName='khan'
23:54:33.098 [main] DEBUG org.hibernate.SQL - select next_val as id_val from hibernate_sequence
23:54:33.100 [main] DEBUG org.hibernate.SQL - update hibernate_sequence set next_val= ? where next_val=?
23:54:33.129 [main] DEBUG org.hibernate.SQL - insert into game_user (userName, id_user) values (?, ?)
23:54:33.130 [main] TRACE org.hibernate.type.descriptor.sql.BasicBinder - binding parameter [1] as [VARCHAR] - [khan]
23:54:33.131 [main] TRACE org.hibernate.type.descriptor.sql.BasicBinder - binding parameter [2] as [BIGINT] - [1]
23:54:37.847 [main] DEBUG org.hibernate.SQL - select user0_.id_user as id_user1_0_, user0_.userName as username2_0_ from game_user user0_ where user0_.userName='khan'
23:54:37.849 [main] TRACE org.hibernate.type.descriptor.sql.BasicExtractor - extracted value ([id_user1_0_] : [BIGINT]) - [1]
23:54:37.850 [main] TRACE org.hibernate.type.descriptor.sql.BasicExtractor - extracted value ([username2_0_] : [VARCHAR]) - [khan]
23:54:37.861 [main] DEBUG org.hibernate.SQL - select gamerecord0_.id_user as id_user5_1_0_, gamerecord0_.id_gamerecord as id_gamer1_1_0_, gamerecord0_.id_gamerecord as id_gamer1_1_1_, gamerecord0_.numGuesses as numguess2_1_1_, gamerecord0_.timestamp as timestam3_1_1_, gamerecord0_.id_user as id_user5_1_1_, gamerecord0_.word as word4_1_1_ from gamerecord gamerecord0_ where gamerecord0_.id_user=?
23:54:37.862 [main] TRACE org.hibernate.type.descriptor.sql.BasicBinder - binding parameter [1] as [BIGINT] - [1]
00:03:58.740 [main] DEBUG org.hibernate.SQL - drop table if exists game_user
00:03:58.750 [main] DEBUG org.hibernate.SQL - drop table if exists gamerecord
00:03:58.756 [main] DEBUG org.hibernate.SQL - drop table if exists hibernate_sequence
00:03:58.763 [main] DEBUG org.hibernate.SQL - create table game_user (id_user bigint not null, userName varchar(255), primary key (id_user))
00:03:58.770 [main] DEBUG org.hibernate.SQL - create table gamerecord (id_gamerecord bigint not null, numGuesses integer not null, timestamp datetime, word varchar(255), id_user bigint, primary key (id_gamerecord))
00:03:58.775 [main] DEBUG org.hibernate.SQL - create table hibernate_sequence (next_val bigint)
00:03:58.779 [main] DEBUG org.hibernate.SQL - insert into hibernate_sequence values ( 1 )
00:04:04.436 [main] DEBUG org.hibernate.SQL - select user0_.id_user as id_user1_0_, user0_.userName as username2_0_ from game_user user0_ where user0_.userName='khan'
00:04:04.455 [main] DEBUG org.hibernate.SQL - select next_val as id_val from hibernate_sequence
00:04:04.455 [main] DEBUG org.hibernate.SQL - update hibernate_sequence set next_val= ? where next_val=?
00:04:04.486 [main] DEBUG org.hibernate.SQL - insert into game_user (userName, id_user) values (?, ?)
00:04:04.490 [main] TRACE org.hibernate.type.descriptor.sql.BasicBinder - binding parameter [1] as [VARCHAR] - [khan]
00:04:04.491 [main] TRACE org.hibernate.type.descriptor.sql.BasicBinder - binding parameter [2] as [BIGINT] - [1]
00:04:09.083 [main] DEBUG org.hibernate.SQL - select user0_.id_user as id_user1_0_, user0_.userName as username2_0_ from game_user user0_ where user0_.userName='khan'
00:04:09.085 [main] TRACE org.hibernate.type.descriptor.sql.BasicExtractor - extracted value ([id_user1_0_] : [BIGINT]) - [1]
00:04:09.088 [main] TRACE org.hibernate.type.descriptor.sql.BasicExtractor - extracted value ([username2_0_] : [VARCHAR]) - [khan]
00:04:09.102 [main] DEBUG org.hibernate.SQL - select gamerecord0_.id_user as id_user5_1_0_, gamerecord0_.id_gamerecord as id_gamer1_1_0_, gamerecord0_.id_gamerecord as id_gamer1_1_1_, gamerecord0_.numGuesses as numguess2_1_1_, gamerecord0_.timestamp as timestam3_1_1_, gamerecord0_.id_user as id_user5_1_1_, gamerecord0_.word as word4_1_1_ from gamerecord gamerecord0_ where gamerecord0_.id_user=?
00:04:09.103 [main] TRACE org.hibernate.type.descriptor.sql.BasicBinder - binding parameter [1] as [BIGINT] - [1]
00:06:08.827 [main] DEBUG org.hibernate.SQL - drop table if exists game_user
00:06:08.835 [main] DEBUG org.hibernate.SQL - drop table if exists gamerecord
00:06:08.840 [main] DEBUG org.hibernate.SQL - drop table if exists hibernate_sequence
00:06:08.847 [main] DEBUG org.hibernate.SQL - create table game_user (id_user bigint not null, userName varchar(255), primary key (id_user))
00:06:08.851 [main] DEBUG org.hibernate.SQL - create table gamerecord (id_gamerecord bigint not null, numGuesses integer not null, timestamp datetime, word varchar(255), id_user bigint, primary key (id_gamerecord))
00:06:08.862 [main] DEBUG org.hibernate.SQL - create table hibernate_sequence (next_val bigint)
00:06:08.873 [main] DEBUG org.hibernate.SQL - insert into hibernate_sequence values ( 1 )
00:06:22.555 [main] DEBUG org.hibernate.SQL - select user0_.id_user as id_user1_0_, user0_.userName as username2_0_ from game_user user0_ where user0_.userName='khan'
00:06:22.574 [main] DEBUG org.hibernate.SQL - select next_val as id_val from hibernate_sequence
00:06:22.575 [main] DEBUG org.hibernate.SQL - update hibernate_sequence set next_val= ? where next_val=?
00:06:22.604 [main] DEBUG org.hibernate.SQL - insert into game_user (userName, id_user) values (?, ?)
00:06:22.606 [main] TRACE org.hibernate.type.descriptor.sql.BasicBinder - binding parameter [1] as [VARCHAR] - [khan]
00:06:22.606 [main] TRACE org.hibernate.type.descriptor.sql.BasicBinder - binding parameter [2] as [BIGINT] - [1]
00:06:28.251 [main] DEBUG org.hibernate.SQL - select user0_.id_user as id_user1_0_, user0_.userName as username2_0_ from game_user user0_ where user0_.userName='khan'
00:06:28.255 [main] TRACE org.hibernate.type.descriptor.sql.BasicExtractor - extracted value ([id_user1_0_] : [BIGINT]) - [1]
00:06:28.260 [main] TRACE org.hibernate.type.descriptor.sql.BasicExtractor - extracted value ([username2_0_] : [VARCHAR]) - [khan]
00:06:28.280 [main] DEBUG org.hibernate.SQL - select gamerecord0_.id_user as id_user5_1_0_, gamerecord0_.id_gamerecord as id_gamer1_1_0_, gamerecord0_.id_gamerecord as id_gamer1_1_1_, gamerecord0_.numGuesses as numguess2_1_1_, gamerecord0_.timestamp as timestam3_1_1_, gamerecord0_.id_user as id_user5_1_1_, gamerecord0_.word as word4_1_1_ from gamerecord gamerecord0_ where gamerecord0_.id_user=?
00:06:28.281 [main] TRACE org.hibernate.type.descriptor.sql.BasicBinder - binding parameter [1] as [BIGINT] - [1]
00:06:57.410 [main] DEBUG org.hibernate.SQL - select gamerecord0_.id_gamerecord as id_gamer1_1_, gamerecord0_.numGuesses as numguess2_1_, gamerecord0_.timestamp as timestam3_1_, gamerecord0_.id_user as id_user5_1_, gamerecord0_.word as word4_1_ from gamerecord gamerecord0_ order by gamerecord0_.numGuesses ASC
00:08:23.779 [main] DEBUG org.hibernate.SQL - select user0_.id_user as id_user1_0_, user0_.userName as username2_0_ from game_user user0_ where user0_.userName='khan'
00:08:23.779 [main] TRACE org.hibernate.type.descriptor.sql.BasicExtractor - extracted value ([id_user1_0_] : [BIGINT]) - [1]
00:08:23.779 [main] TRACE org.hibernate.type.descriptor.sql.BasicExtractor - extracted value ([username2_0_] : [VARCHAR]) - [khan]
00:08:23.780 [main] DEBUG org.hibernate.SQL - select gamerecord0_.id_user as id_user5_1_0_, gamerecord0_.id_gamerecord as id_gamer1_1_0_, gamerecord0_.id_gamerecord as id_gamer1_1_1_, gamerecord0_.numGuesses as numguess2_1_1_, gamerecord0_.timestamp as timestam3_1_1_, gamerecord0_.id_user as id_user5_1_1_, gamerecord0_.word as word4_1_1_ from gamerecord gamerecord0_ where gamerecord0_.id_user=?
00:08:23.781 [main] TRACE org.hibernate.type.descriptor.sql.BasicBinder - binding parameter [1] as [BIGINT] - [1]
00:10:16.510 [main] DEBUG org.hibernate.SQL - select gamerecord0_.id_gamerecord as id_gamer1_1_, gamerecord0_.numGuesses as numguess2_1_, gamerecord0_.timestamp as timestam3_1_, gamerecord0_.id_user as id_user5_1_, gamerecord0_.word as word4_1_ from gamerecord gamerecord0_ order by gamerecord0_.numGuesses ASC
00:12:56.465 [main] DEBUG org.hibernate.SQL - drop table if exists game_user
00:12:56.474 [main] DEBUG org.hibernate.SQL - drop table if exists gamerecord
00:12:56.481 [main] DEBUG org.hibernate.SQL - drop table if exists hibernate_sequence
00:12:56.487 [main] DEBUG org.hibernate.SQL - create table game_user (id_user bigint not null, userName varchar(255), primary key (id_user))
00:12:56.496 [main] DEBUG org.hibernate.SQL - create table gamerecord (id_gamerecord bigint not null, numGuesses integer not null, timestamp datetime, word varchar(255), id_user bigint, primary key (id_gamerecord))
00:12:56.500 [main] DEBUG org.hibernate.SQL - create table hibernate_sequence (next_val bigint)
00:12:56.504 [main] DEBUG org.hibernate.SQL - insert into hibernate_sequence values ( 1 )
00:13:06.179 [main] DEBUG org.hibernate.SQL - select user0_.id_user as id_user1_0_, user0_.userName as username2_0_ from game_user user0_ where user0_.userName='khan'
00:13:06.204 [main] DEBUG org.hibernate.SQL - select next_val as id_val from hibernate_sequence
00:13:06.205 [main] DEBUG org.hibernate.SQL - update hibernate_sequence set next_val= ? where next_val=?
00:13:06.247 [main] DEBUG org.hibernate.SQL - insert into game_user (userName, id_user) values (?, ?)
00:13:06.251 [main] TRACE org.hibernate.type.descriptor.sql.BasicBinder - binding parameter [1] as [VARCHAR] - [khan]
00:13:06.252 [main] TRACE org.hibernate.type.descriptor.sql.BasicBinder - binding parameter [2] as [BIGINT] - [1]
00:13:11.944 [main] DEBUG org.hibernate.SQL - select user0_.id_user as id_user1_0_, user0_.userName as username2_0_ from game_user user0_ where user0_.userName='khan'
00:13:11.945 [main] TRACE org.hibernate.type.descriptor.sql.BasicExtractor - extracted value ([id_user1_0_] : [BIGINT]) - [1]
00:13:11.948 [main] TRACE org.hibernate.type.descriptor.sql.BasicExtractor - extracted value ([username2_0_] : [VARCHAR]) - [khan]
00:13:11.962 [main] DEBUG org.hibernate.SQL - select gamerecord0_.id_user as id_user5_1_0_, gamerecord0_.id_gamerecord as id_gamer1_1_0_, gamerecord0_.id_gamerecord as id_gamer1_1_1_, gamerecord0_.numGuesses as numguess2_1_1_, gamerecord0_.timestamp as timestam3_1_1_, gamerecord0_.id_user as id_user5_1_1_, gamerecord0_.word as word4_1_1_ from gamerecord gamerecord0_ where gamerecord0_.id_user=?
00:13:11.963 [main] TRACE org.hibernate.type.descriptor.sql.BasicBinder - binding parameter [1] as [BIGINT] - [1]
15:51:24.953 [main] DEBUG org.hibernate.SQL - drop table if exists game_user
15:51:24.969 [main] DEBUG org.hibernate.SQL - drop table if exists gamerecord
15:51:24.985 [main] DEBUG org.hibernate.SQL - drop table if exists hibernate_sequence
15:51:24.985 [main] DEBUG org.hibernate.SQL - create table game_user (id_user bigint not null, userName varchar(255), primary key (id_user))
15:51:25.000 [main] DEBUG org.hibernate.SQL - create table gamerecord (id_gamerecord bigint not null, numGuesses integer not null, timestamp datetime, word varchar(255), id_user bigint, primary key (id_gamerecord))
15:51:25.016 [main] DEBUG org.hibernate.SQL - create table hibernate_sequence (next_val bigint)
15:51:25.016 [main] DEBUG org.hibernate.SQL - insert into hibernate_sequence values ( 1 )
15:51:52.544 [main] DEBUG org.hibernate.SQL - select user0_.id_user as id_user1_0_, user0_.userName as username2_0_ from game_user user0_ where user0_.userName='khan'
15:51:52.560 [main] DEBUG org.hibernate.SQL - select next_val as id_val from hibernate_sequence
15:51:52.560 [main] DEBUG org.hibernate.SQL - update hibernate_sequence set next_val= ? where next_val=?
15:51:52.591 [main] DEBUG org.hibernate.SQL - insert into game_user (userName, id_user) values (?, ?)
15:51:52.591 [main] TRACE org.hibernate.type.descriptor.sql.BasicBinder - binding parameter [1] as [VARCHAR] - [khan]
15:51:52.591 [main] TRACE org.hibernate.type.descriptor.sql.BasicBinder - binding parameter [2] as [BIGINT] - [1]
15:52:05.110 [main] DEBUG org.hibernate.SQL - select user0_.id_user as id_user1_0_, user0_.userName as username2_0_ from game_user user0_ where user0_.userName='khan'
15:52:05.110 [main] TRACE org.hibernate.type.descriptor.sql.BasicExtractor - extracted value ([id_user1_0_] : [BIGINT]) - [1]
15:52:05.110 [main] TRACE org.hibernate.type.descriptor.sql.BasicExtractor - extracted value ([username2_0_] : [VARCHAR]) - [khan]
15:52:05.126 [main] DEBUG org.hibernate.SQL - select gamerecord0_.id_user as id_user5_1_0_, gamerecord0_.id_gamerecord as id_gamer1_1_0_, gamerecord0_.id_gamerecord as id_gamer1_1_1_, gamerecord0_.numGuesses as numguess2_1_1_, gamerecord0_.timestamp as timestam3_1_1_, gamerecord0_.id_user as id_user5_1_1_, gamerecord0_.word as word4_1_1_ from gamerecord gamerecord0_ where gamerecord0_.id_user=?
15:52:05.126 [main] TRACE org.hibernate.type.descriptor.sql.BasicBinder - binding parameter [1] as [BIGINT] - [1]
15:53:06.106 [main] DEBUG org.hibernate.SQL - drop table if exists game_user
15:53:06.122 [main] DEBUG org.hibernate.SQL - drop table if exists gamerecord
15:53:06.122 [main] DEBUG org.hibernate.SQL - drop table if exists hibernate_sequence
15:53:06.122 [main] DEBUG org.hibernate.SQL - create table game_user (id_user bigint not null, userName varchar(255), primary key (id_user))
15:53:06.122 [main] DEBUG org.hibernate.SQL - create table gamerecord (id_gamerecord bigint not null, numGuesses integer not null, timestamp datetime, word varchar(255), id_user bigint, primary key (id_gamerecord))
15:53:06.122 [main] DEBUG org.hibernate.SQL - create table hibernate_sequence (next_val bigint)
15:53:06.138 [main] DEBUG org.hibernate.SQL - insert into hibernate_sequence values ( 1 )
15:53:22.645 [main] DEBUG org.hibernate.SQL - select user0_.id_user as id_user1_0_, user0_.userName as username2_0_ from game_user user0_ where user0_.userName='khan'
15:53:22.661 [main] DEBUG org.hibernate.SQL - select next_val as id_val from hibernate_sequence
15:53:22.661 [main] DEBUG org.hibernate.SQL - update hibernate_sequence set next_val= ? where next_val=?
15:53:22.692 [main] DEBUG org.hibernate.SQL - insert into game_user (userName, id_user) values (?, ?)
15:53:22.692 [main] TRACE org.hibernate.type.descriptor.sql.BasicBinder - binding parameter [1] as [VARCHAR] - [khan]
15:53:22.692 [main] TRACE org.hibernate.type.descriptor.sql.BasicBinder - binding parameter [2] as [BIGINT] - [1]
15:53:27.010 [main] DEBUG org.hibernate.SQL - select user0_.id_user as id_user1_0_, user0_.userName as username2_0_ from game_user user0_ where user0_.userName='khan'
15:53:27.010 [main] TRACE org.hibernate.type.descriptor.sql.BasicExtractor - extracted value ([id_user1_0_] : [BIGINT]) - [1]
15:53:27.010 [main] TRACE org.hibernate.type.descriptor.sql.BasicExtractor - extracted value ([username2_0_] : [VARCHAR]) - [khan]
15:53:27.010 [main] DEBUG org.hibernate.SQL - select gamerecord0_.id_user as id_user5_1_0_, gamerecord0_.id_gamerecord as id_gamer1_1_0_, gamerecord0_.id_gamerecord as id_gamer1_1_1_, gamerecord0_.numGuesses as numguess2_1_1_, gamerecord0_.timestamp as timestam3_1_1_, gamerecord0_.id_user as id_user5_1_1_, gamerecord0_.word as word4_1_1_ from gamerecord gamerecord0_ where gamerecord0_.id_user=?
15:53:27.010 [main] TRACE org.hibernate.type.descriptor.sql.BasicBinder - binding parameter [1] as [BIGINT] - [1]
15:56:06.804 [main] DEBUG org.hibernate.SQL - drop table if exists game_user
15:56:06.820 [main] DEBUG org.hibernate.SQL - drop table if exists gamerecord
15:56:06.820 [main] DEBUG org.hibernate.SQL - drop table if exists hibernate_sequence
15:56:06.820 [main] DEBUG org.hibernate.SQL - create table game_user (id_user bigint not null, userName varchar(255), primary key (id_user))
15:56:06.820 [main] DEBUG org.hibernate.SQL - create table gamerecord (id_gamerecord bigint not null, numGuesses integer not null, timestamp datetime, word varchar(255), id_user bigint, primary key (id_gamerecord))
15:56:06.820 [main] DEBUG org.hibernate.SQL - create table hibernate_sequence (next_val bigint)
15:56:06.836 [main] DEBUG org.hibernate.SQL - insert into hibernate_sequence values ( 1 )
15:56:13.294 [main] DEBUG org.hibernate.SQL - select user0_.id_user as id_user1_0_, user0_.userName as username2_0_ from game_user user0_ where user0_.userName='khan'
15:56:13.310 [main] DEBUG org.hibernate.SQL - select next_val as id_val from hibernate_sequence
15:56:13.310 [main] DEBUG org.hibernate.SQL - update hibernate_sequence set next_val= ? where next_val=?
15:56:13.341 [main] DEBUG org.hibernate.SQL - insert into game_user (userName, id_user) values (?, ?)
15:56:13.341 [main] TRACE org.hibernate.type.descriptor.sql.BasicBinder - binding parameter [1] as [VARCHAR] - [khan]
15:56:13.341 [main] TRACE org.hibernate.type.descriptor.sql.BasicBinder - binding parameter [2] as [BIGINT] - [1]
15:56:17.720 [main] DEBUG org.hibernate.SQL - select user0_.id_user as id_user1_0_, user0_.userName as username2_0_ from game_user user0_ where user0_.userName='khan'
15:56:17.720 [main] TRACE org.hibernate.type.descriptor.sql.BasicExtractor - extracted value ([id_user1_0_] : [BIGINT]) - [1]
15:56:17.720 [main] TRACE org.hibernate.type.descriptor.sql.BasicExtractor - extracted value ([username2_0_] : [VARCHAR]) - [khan]
15:56:17.720 [main] DEBUG org.hibernate.SQL - select gamerecord0_.id_user as id_user5_1_0_, gamerecord0_.id_gamerecord as id_gamer1_1_0_, gamerecord0_.id_gamerecord as id_gamer1_1_1_, gamerecord0_.numGuesses as numguess2_1_1_, gamerecord0_.timestamp as timestam3_1_1_, gamerecord0_.id_user as id_user5_1_1_, gamerecord0_.word as word4_1_1_ from gamerecord gamerecord0_ where gamerecord0_.id_user=?
15:56:17.720 [main] TRACE org.hibernate.type.descriptor.sql.BasicBinder - binding parameter [1] as [BIGINT] - [1]
16:09:03.425 [main] DEBUG org.hibernate.SQL - drop table if exists game_user
16:09:03.440 [main] DEBUG org.hibernate.SQL - drop table if exists gamerecord
16:09:03.440 [main] DEBUG org.hibernate.SQL - drop table if exists hibernate_sequence
16:09:03.456 [main] DEBUG org.hibernate.SQL - create table game_user (id_user bigint not null, userName varchar(255), primary key (id_user))
16:09:03.472 [main] DEBUG org.hibernate.SQL - create table gamerecord (id_gamerecord bigint not null, numGuesses integer not null, timestamp datetime, word varchar(255), id_user bigint, primary key (id_gamerecord))
16:09:03.472 [main] DEBUG org.hibernate.SQL - create table hibernate_sequence (next_val bigint)
16:09:03.488 [main] DEBUG org.hibernate.SQL - insert into hibernate_sequence values ( 1 )
16:09:12.936 [main] DEBUG org.hibernate.SQL - select user0_.id_user as id_user1_0_, user0_.userName as username2_0_ from game_user user0_ where user0_.userName='khan'
16:09:12.952 [main] DEBUG org.hibernate.SQL - select next_val as id_val from hibernate_sequence
16:09:12.952 [main] DEBUG org.hibernate.SQL - update hibernate_sequence set next_val= ? where next_val=?
16:09:12.984 [main] DEBUG org.hibernate.SQL - insert into game_user (userName, id_user) values (?, ?)
16:09:12.984 [main] TRACE org.hibernate.type.descriptor.sql.BasicBinder - binding parameter [1] as [VARCHAR] - [khan]
16:09:12.984 [main] TRACE org.hibernate.type.descriptor.sql.BasicBinder - binding parameter [2] as [BIGINT] - [1]
16:10:31.085 [main] DEBUG org.hibernate.SQL - select user0_.id_user as id_user1_0_, user0_.userName as username2_0_ from game_user user0_ where user0_.userName='khan'
16:10:31.085 [main] TRACE org.hibernate.type.descriptor.sql.BasicExtractor - extracted value ([id_user1_0_] : [BIGINT]) - [1]
16:10:31.085 [main] TRACE org.hibernate.type.descriptor.sql.BasicExtractor - extracted value ([username2_0_] : [VARCHAR]) - [khan]
16:10:31.085 [main] DEBUG org.hibernate.SQL - select gamerecord0_.id_user as id_user5_1_0_, gamerecord0_.id_gamerecord as id_gamer1_1_0_, gamerecord0_.id_gamerecord as id_gamer1_1_1_, gamerecord0_.numGuesses as numguess2_1_1_, gamerecord0_.timestamp as timestam3_1_1_, gamerecord0_.id_user as id_user5_1_1_, gamerecord0_.word as word4_1_1_ from gamerecord gamerecord0_ where gamerecord0_.id_user=?
16:10:31.085 [main] TRACE org.hibernate.type.descriptor.sql.BasicBinder - binding parameter [1] as [BIGINT] - [1]
16:13:34.394 [main] DEBUG org.hibernate.SQL - drop table if exists game_user
16:13:34.410 [main] DEBUG org.hibernate.SQL - drop table if exists gamerecord
16:13:34.410 [main] DEBUG org.hibernate.SQL - drop table if exists hibernate_sequence
16:13:34.425 [main] DEBUG org.hibernate.SQL - create table game_user (id_user bigint not null, userName varchar(255), primary key (id_user))
16:13:34.441 [main] DEBUG org.hibernate.SQL - create table gamerecord (id_gamerecord bigint not null, numGuesses integer not null, timestamp datetime, word varchar(255), id_user bigint, primary key (id_gamerecord))
16:13:34.441 [main] DEBUG org.hibernate.SQL - create table hibernate_sequence (next_val bigint)
16:13:34.457 [main] DEBUG org.hibernate.SQL - insert into hibernate_sequence values ( 1 )
16:13:40.946 [main] DEBUG org.hibernate.SQL - select user0_.id_user as id_user1_0_, user0_.userName as username2_0_ from game_user user0_ where user0_.userName='khan'
16:13:40.962 [main] DEBUG org.hibernate.SQL - select next_val as id_val from hibernate_sequence
16:13:40.962 [main] DEBUG org.hibernate.SQL - update hibernate_sequence set next_val= ? where next_val=?
16:13:40.993 [main] DEBUG org.hibernate.SQL - insert into game_user (userName, id_user) values (?, ?)
16:13:40.993 [main] TRACE org.hibernate.type.descriptor.sql.BasicBinder - binding parameter [1] as [VARCHAR] - [khan]
16:13:40.993 [main] TRACE org.hibernate.type.descriptor.sql.BasicBinder - binding parameter [2] as [BIGINT] - [1]
16:13:46.308 [main] DEBUG org.hibernate.SQL - select user0_.id_user as id_user1_0_, user0_.userName as username2_0_ from game_user user0_ where user0_.userName='khan'
16:13:46.308 [main] TRACE org.hibernate.type.descriptor.sql.BasicExtractor - extracted value ([id_user1_0_] : [BIGINT]) - [1]
16:13:46.308 [main] TRACE org.hibernate.type.descriptor.sql.BasicExtractor - extracted value ([username2_0_] : [VARCHAR]) - [khan]
16:13:46.308 [main] DEBUG org.hibernate.SQL - select gamerecord0_.id_user as id_user5_1_0_, gamerecord0_.id_gamerecord as id_gamer1_1_0_, gamerecord0_.id_gamerecord as id_gamer1_1_1_, gamerecord0_.numGuesses as numguess2_1_1_, gamerecord0_.timestamp as timestam3_1_1_, gamerecord0_.id_user as id_user5_1_1_, gamerecord0_.word as word4_1_1_ from gamerecord gamerecord0_ where gamerecord0_.id_user=?
16:13:46.308 [main] TRACE org.hibernate.type.descriptor.sql.BasicBinder - binding parameter [1] as [BIGINT] - [1]
16:17:27.908 [main] DEBUG org.hibernate.SQL - select gamerecord0_.id_gamerecord as id_gamer1_1_, gamerecord0_.numGuesses as numguess2_1_, gamerecord0_.timestamp as timestam3_1_, gamerecord0_.id_user as id_user5_1_, gamerecord0_.word as word4_1_ from gamerecord gamerecord0_ order by gamerecord0_.numGuesses ASC
17:41:32.431 [main] DEBUG org.hibernate.SQL - drop table if exists game_user
17:41:32.446 [main] DEBUG org.hibernate.SQL - drop table if exists gamerecord
17:41:32.462 [main] DEBUG org.hibernate.SQL - drop table if exists hibernate_sequence
17:41:32.477 [main] DEBUG org.hibernate.SQL - create table game_user (id_user bigint not null, userName varchar(255), primary key (id_user))
17:41:32.477 [main] DEBUG org.hibernate.SQL - create table gamerecord (id_gamerecord bigint not null, numGuesses integer not null, timestamp datetime, word varchar(255), id_user bigint, primary key (id_gamerecord))
17:41:32.493 [main] DEBUG org.hibernate.SQL - create table hibernate_sequence (next_val bigint)
17:41:32.509 [main] DEBUG org.hibernate.SQL - insert into hibernate_sequence values ( 1 )
17:41:43.956 [main] DEBUG org.hibernate.SQL - select user0_.id_user as id_user1_0_, user0_.userName as username2_0_ from game_user user0_ where user0_.userName='khan'
17:41:43.972 [main] DEBUG org.hibernate.SQL - select next_val as id_val from hibernate_sequence
17:41:43.972 [main] DEBUG org.hibernate.SQL - update hibernate_sequence set next_val= ? where next_val=?
17:41:43.987 [main] DEBUG org.hibernate.SQL - insert into game_user (userName, id_user) values (?, ?)
17:41:43.987 [main] TRACE org.hibernate.type.descriptor.sql.BasicBinder - binding parameter [1] as [VARCHAR] - [khan]
17:41:43.987 [main] TRACE org.hibernate.type.descriptor.sql.BasicBinder - binding parameter [2] as [BIGINT] - [1]
17:41:52.554 [main] DEBUG org.hibernate.SQL - select user0_.id_user as id_user1_0_, user0_.userName as username2_0_ from game_user user0_ where user0_.userName='khan'
17:41:52.554 [main] TRACE org.hibernate.type.descriptor.sql.BasicExtractor - extracted value ([id_user1_0_] : [BIGINT]) - [1]
17:41:52.554 [main] TRACE org.hibernate.type.descriptor.sql.BasicExtractor - extracted value ([username2_0_] : [VARCHAR]) - [khan]
17:41:52.570 [main] DEBUG org.hibernate.SQL - select gamerecord0_.id_user as id_user5_1_0_, gamerecord0_.id_gamerecord as id_gamer1_1_0_, gamerecord0_.id_gamerecord as id_gamer1_1_1_, gamerecord0_.numGuesses as numguess2_1_1_, gamerecord0_.timestamp as timestam3_1_1_, gamerecord0_.id_user as id_user5_1_1_, gamerecord0_.word as word4_1_1_ from gamerecord gamerecord0_ where gamerecord0_.id_user=?
17:41:52.570 [main] TRACE org.hibernate.type.descriptor.sql.BasicBinder - binding parameter [1] as [BIGINT] - [1]
17:46:58.356 [main] DEBUG org.hibernate.SQL - drop table if exists game_user
17:46:58.371 [main] DEBUG org.hibernate.SQL - drop table if exists gamerecord
17:46:58.371 [main] DEBUG org.hibernate.SQL - drop table if exists hibernate_sequence
17:46:58.387 [main] DEBUG org.hibernate.SQL - create table game_user (id_user bigint not null, userName varchar(255), primary key (id_user))
17:46:58.403 [main] DEBUG org.hibernate.SQL - create table gamerecord (id_gamerecord bigint not null, numGuesses integer not null, timestamp datetime, word varchar(255), id_user bigint, primary key (id_gamerecord))
17:46:58.403 [main] DEBUG org.hibernate.SQL - create table hibernate_sequence (next_val bigint)
17:46:58.418 [main] DEBUG org.hibernate.SQL - insert into hibernate_sequence values ( 1 )
17:47:04.816 [main] DEBUG org.hibernate.SQL - select user0_.id_user as id_user1_0_, user0_.userName as username2_0_ from game_user user0_ where user0_.userName='khan'
17:47:04.831 [main] DEBUG org.hibernate.SQL - select next_val as id_val from hibernate_sequence
17:47:04.831 [main] DEBUG org.hibernate.SQL - update hibernate_sequence set next_val= ? where next_val=?
17:47:04.863 [main] DEBUG org.hibernate.SQL - insert into game_user (userName, id_user) values (?, ?)
17:47:04.863 [main] TRACE org.hibernate.type.descriptor.sql.BasicBinder - binding parameter [1] as [VARCHAR] - [khan]
17:47:04.863 [main] TRACE org.hibernate.type.descriptor.sql.BasicBinder - binding parameter [2] as [BIGINT] - [1]
17:47:11.243 [main] DEBUG org.hibernate.SQL - select user0_.id_user as id_user1_0_, user0_.userName as username2_0_ from game_user user0_ where user0_.userName='khan'
17:47:11.243 [main] TRACE org.hibernate.type.descriptor.sql.BasicExtractor - extracted value ([id_user1_0_] : [BIGINT]) - [1]
17:47:11.259 [main] TRACE org.hibernate.type.descriptor.sql.BasicExtractor - extracted value ([username2_0_] : [VARCHAR]) - [khan]
17:47:11.259 [main] DEBUG org.hibernate.SQL - select gamerecord0_.id_user as id_user5_1_0_, gamerecord0_.id_gamerecord as id_gamer1_1_0_, gamerecord0_.id_gamerecord as id_gamer1_1_1_, gamerecord0_.numGuesses as numguess2_1_1_, gamerecord0_.timestamp as timestam3_1_1_, gamerecord0_.id_user as id_user5_1_1_, gamerecord0_.word as word4_1_1_ from gamerecord gamerecord0_ where gamerecord0_.id_user=?
17:47:11.259 [main] TRACE org.hibernate.type.descriptor.sql.BasicBinder - binding parameter [1] as [BIGINT] - [1]
17:50:52.913 [main] DEBUG org.hibernate.SQL - select next_val as id_val from hibernate_sequence
17:50:52.913 [main] DEBUG org.hibernate.SQL - update hibernate_sequence set next_val= ? where next_val=?
17:50:52.945 [main] DEBUG org.hibernate.SQL - insert into gamerecord (numGuesses, timestamp, id_user, word, id_gamerecord) values (?, ?, ?, ?, ?)
17:50:52.945 [main] TRACE org.hibernate.type.descriptor.sql.BasicBinder - binding parameter [1] as [INTEGER] - [11]
17:50:52.945 [main] TRACE org.hibernate.type.descriptor.sql.BasicBinder - binding parameter [2] as [TIMESTAMP] - [Mon Jun 06 17:50:52 NZST 2022]
17:50:52.945 [main] TRACE org.hibernate.type.descriptor.sql.BasicBinder - binding parameter [3] as [BIGINT] - [1]
17:50:52.945 [main] TRACE org.hibernate.type.descriptor.sql.BasicBinder - binding parameter [4] as [VARCHAR] - [gully]
17:50:52.945 [main] TRACE org.hibernate.type.descriptor.sql.BasicBinder - binding parameter [5] as [BIGINT] - [2]
17:51:33.343 [main] DEBUG org.hibernate.SQL - select gamerecord0_.id_gamerecord as id_gamer1_1_, gamerecord0_.numGuesses as numguess2_1_, gamerecord0_.timestamp as timestam3_1_, gamerecord0_.id_user as id_user5_1_, gamerecord0_.word as word4_1_ from gamerecord gamerecord0_ order by gamerecord0_.numGuesses ASC
17:51:33.343 [main] TRACE org.hibernate.type.descriptor.sql.BasicExtractor - extracted value ([id_gamer1_1_] : [BIGINT]) - [2]
17:51:33.343 [main] TRACE org.hibernate.type.descriptor.sql.BasicExtractor - extracted value ([numguess2_1_] : [INTEGER]) - [11]
17:51:33.343 [main] TRACE org.hibernate.type.descriptor.sql.BasicExtractor - extracted value ([timestam3_1_] : [TIMESTAMP]) - [2022-06-06 17:50:52.913]
17:51:33.343 [main] TRACE org.hibernate.type.descriptor.sql.BasicExtractor - extracted value ([id_user5_1_] : [BIGINT]) - [1]
17:51:33.343 [main] TRACE org.hibernate.type.descriptor.sql.BasicExtractor - extracted value ([word4_1_] : [VARCHAR]) - [gully]
17:51:33.343 [main] DEBUG org.hibernate.SQL - select user0_.id_user as id_user1_0_0_, user0_.userName as username2_0_0_, gamerecord1_.id_user as id_user5_1_1_, gamerecord1_.id_gamerecord as id_gamer1_1_1_, gamerecord1_.id_gamerecord as id_gamer1_1_2_, gamerecord1_.numGuesses as numguess2_1_2_, gamerecord1_.timestamp as timestam3_1_2_, gamerecord1_.id_user as id_user5_1_2_, gamerecord1_.word as word4_1_2_ from game_user user0_ left outer join gamerecord gamerecord1_ on user0_.id_user=gamerecord1_.id_user where user0_.id_user=?
17:51:33.343 [main] TRACE org.hibernate.type.descriptor.sql.BasicBinder - binding parameter [1] as [BIGINT] - [1]
17:51:33.343 [main] TRACE org.hibernate.type.descriptor.sql.BasicExtractor - extracted value ([id_gamer1_1_2_] : [BIGINT]) - [2]
17:51:33.343 [main] TRACE org.hibernate.type.descriptor.sql.BasicExtractor - extracted value ([username2_0_0_] : [VARCHAR]) - [khan]
17:51:33.343 [main] TRACE org.hibernate.type.descriptor.sql.BasicExtractor - extracted value ([id_user5_1_1_] : [BIGINT]) - [1]
17:51:33.343 [main] TRACE org.hibernate.type.descriptor.sql.BasicExtractor - extracted value ([id_gamer1_1_1_] : [BIGINT]) - [2]
21:40:46.489 [main] DEBUG org.hibernate.SQL - drop table if exists game_user
21:40:46.505 [main] DEBUG org.hibernate.SQL - drop table if exists gamerecord
21:40:46.515 [main] DEBUG org.hibernate.SQL - drop table if exists hibernate_sequence
21:40:46.527 [main] DEBUG org.hibernate.SQL - create table game_user (id_user bigint not null, userName varchar(255), primary key (id_user))
21:40:46.538 [main] DEBUG org.hibernate.SQL - create table gamerecord (id_gamerecord bigint not null, numGuesses integer not null, timestamp datetime, word varchar(255), id_user bigint, primary key (id_gamerecord))
21:40:46.550 [main] DEBUG org.hibernate.SQL - create table hibernate_sequence (next_val bigint)
21:40:46.559 [main] DEBUG org.hibernate.SQL - insert into hibernate_sequence values ( 1 )
21:40:53.660 [main] DEBUG org.hibernate.SQL - select user0_.id_user as id_user1_0_, user0_.userName as username2_0_ from game_user user0_ where user0_.userName='khan'
21:40:53.674 [main] DEBUG org.hibernate.SQL - select next_val as id_val from hibernate_sequence
21:40:53.675 [main] DEBUG org.hibernate.SQL - update hibernate_sequence set next_val= ? where next_val=?
21:40:53.720 [main] DEBUG org.hibernate.SQL - insert into game_user (userName, id_user) values (?, ?)
21:40:53.723 [main] TRACE org.hibernate.type.descriptor.sql.BasicBinder - binding parameter [1] as [VARCHAR] - [khan]
21:40:53.723 [main] TRACE org.hibernate.type.descriptor.sql.BasicBinder - binding parameter [2] as [BIGINT] - [1]
21:41:03.364 [main] DEBUG org.hibernate.SQL - select user0_.id_user as id_user1_0_, user0_.userName as username2_0_ from game_user user0_ where user0_.userName='khan'
21:41:03.365 [main] TRACE org.hibernate.type.descriptor.sql.BasicExtractor - extracted value ([id_user1_0_] : [BIGINT]) - [1]
21:41:03.368 [main] TRACE org.hibernate.type.descriptor.sql.BasicExtractor - extracted value ([username2_0_] : [VARCHAR]) - [khan]
21:41:03.375 [main] DEBUG org.hibernate.SQL - select gamerecord0_.id_user as id_user5_1_0_, gamerecord0_.id_gamerecord as id_gamer1_1_0_, gamerecord0_.id_gamerecord as id_gamer1_1_1_, gamerecord0_.numGuesses as numguess2_1_1_, gamerecord0_.timestamp as timestam3_1_1_, gamerecord0_.id_user as id_user5_1_1_, gamerecord0_.word as word4_1_1_ from gamerecord gamerecord0_ where gamerecord0_.id_user=?
21:41:03.375 [main] TRACE org.hibernate.type.descriptor.sql.BasicBinder - binding parameter [1] as [BIGINT] - [1]
21:42:44.888 [main] DEBUG org.hibernate.SQL - select next_val as id_val from hibernate_sequence
21:42:44.888 [main] DEBUG org.hibernate.SQL - update hibernate_sequence set next_val= ? where next_val=?
21:42:44.916 [main] DEBUG org.hibernate.SQL - insert into gamerecord (numGuesses, timestamp, id_user, word, id_gamerecord) values (?, ?, ?, ?, ?)
21:42:44.916 [main] TRACE org.hibernate.type.descriptor.sql.BasicBinder - binding parameter [1] as [INTEGER] - [8]
21:42:44.916 [main] TRACE org.hibernate.type.descriptor.sql.BasicBinder - binding parameter [2] as [TIMESTAMP] - [Mon Jun 06 21:42:44 NZST 2022]
21:42:44.916 [main] TRACE org.hibernate.type.descriptor.sql.BasicBinder - binding parameter [3] as [BIGINT] - [1]
21:42:44.916 [main] TRACE org.hibernate.type.descriptor.sql.BasicBinder - binding parameter [4] as [VARCHAR] - [gully]
21:42:44.916 [main] TRACE org.hibernate.type.descriptor.sql.BasicBinder - binding parameter [5] as [BIGINT] - [2]
21:42:59.131 [main] DEBUG org.hibernate.SQL - select user0_.id_user as id_user1_0_, user0_.userName as username2_0_ from game_user user0_ where user0_.userName='khan'
21:42:59.133 [main] TRACE org.hibernate.type.descriptor.sql.BasicExtractor - extracted value ([id_user1_0_] : [BIGINT]) - [1]
21:42:59.133 [main] TRACE org.hibernate.type.descriptor.sql.BasicExtractor - extracted value ([username2_0_] : [VARCHAR]) - [khan]
21:42:59.133 [main] DEBUG org.hibernate.SQL - select gamerecord0_.id_user as id_user5_1_0_, gamerecord0_.id_gamerecord as id_gamer1_1_0_, gamerecord0_.id_gamerecord as id_gamer1_1_1_, gamerecord0_.numGuesses as numguess2_1_1_, gamerecord0_.timestamp as timestam3_1_1_, gamerecord0_.id_user as id_user5_1_1_, gamerecord0_.word as word4_1_1_ from gamerecord gamerecord0_ where gamerecord0_.id_user=?
21:42:59.134 [main] TRACE org.hibernate.type.descriptor.sql.BasicBinder - binding parameter [1] as [BIGINT] - [1]
21:42:59.135 [main] TRACE org.hibernate.type.descriptor.sql.BasicExtractor - extracted value ([id_gamer1_1_1_] : [BIGINT]) - [2]
21:42:59.136 [main] TRACE org.hibernate.type.descriptor.sql.BasicExtractor - extracted value ([numguess2_1_1_] : [INTEGER]) - [8]
21:42:59.136 [main] TRACE org.hibernate.type.descriptor.sql.BasicExtractor - extracted value ([timestam3_1_1_] : [TIMESTAMP]) - [2022-06-06 21:42:44.884]
21:42:59.136 [main] TRACE org.hibernate.type.descriptor.sql.BasicExtractor - extracted value ([id_user5_1_1_] : [BIGINT]) - [1]
21:42:59.136 [main] TRACE org.hibernate.type.descriptor.sql.BasicExtractor - extracted value ([word4_1_1_] : [VARCHAR]) - [gully]
21:42:59.138 [main] TRACE org.hibernate.type.descriptor.sql.BasicExtractor - extracted value ([id_user5_1_0_] : [BIGINT]) - [1]
21:42:59.138 [main] TRACE org.hibernate.type.descriptor.sql.BasicExtractor - extracted value ([id_gamer1_1_0_] : [BIGINT]) - [2]
23:14:48.771 [main] DEBUG org.hibernate.SQL - drop table if exists game_user
23:14:48.787 [main] DEBUG org.hibernate.SQL - drop table if exists gamerecord
23:14:48.792 [main] DEBUG org.hibernate.SQL - drop table if exists hibernate_sequence
23:14:48.798 [main] DEBUG org.hibernate.SQL - create table game_user (id_user bigint not null, userName varchar(255), primary key (id_user))
23:14:48.802 [main] DEBUG org.hibernate.SQL - create table gamerecord (id_gamerecord bigint not null, numGuesses integer not null, timestamp datetime, word varchar(255), id_user bigint, primary key (id_gamerecord))
23:14:48.808 [main] DEBUG org.hibernate.SQL - create table hibernate_sequence (next_val bigint)
23:14:48.813 [main] DEBUG org.hibernate.SQL - insert into hibernate_sequence values ( 1 )
23:14:54.051 [main] DEBUG org.hibernate.SQL - select user0_.id_user as id_user1_0_, user0_.userName as username2_0_ from game_user user0_ where user0_.userName='z'
23:14:54.072 [main] DEBUG org.hibernate.SQL - select next_val as id_val from hibernate_sequence
23:14:54.072 [main] DEBUG org.hibernate.SQL - update hibernate_sequence set next_val= ? where next_val=?
23:14:54.100 [main] DEBUG org.hibernate.SQL - insert into game_user (userName, id_user) values (?, ?)
23:14:54.100 [main] TRACE org.hibernate.type.descriptor.sql.BasicBinder - binding parameter [1] as [VARCHAR] - [z]
23:14:54.100 [main] TRACE org.hibernate.type.descriptor.sql.BasicBinder - binding parameter [2] as [BIGINT] - [1]
23:14:59.720 [main] DEBUG org.hibernate.SQL - select user0_.id_user as id_user1_0_, user0_.userName as username2_0_ from game_user user0_ where user0_.userName='z'
23:14:59.722 [main] TRACE org.hibernate.type.descriptor.sql.BasicExtractor - extracted value ([id_user1_0_] : [BIGINT]) - [1]
23:14:59.723 [main] TRACE org.hibernate.type.descriptor.sql.BasicExtractor - extracted value ([username2_0_] : [VARCHAR]) - [z]
23:14:59.731 [main] DEBUG org.hibernate.SQL - select gamerecord0_.id_user as id_user5_1_0_, gamerecord0_.id_gamerecord as id_gamer1_1_0_, gamerecord0_.id_gamerecord as id_gamer1_1_1_, gamerecord0_.numGuesses as numguess2_1_1_, gamerecord0_.timestamp as timestam3_1_1_, gamerecord0_.id_user as id_user5_1_1_, gamerecord0_.word as word4_1_1_ from gamerecord gamerecord0_ where gamerecord0_.id_user=?
23:14:59.732 [main] TRACE org.hibernate.type.descriptor.sql.BasicBinder - binding parameter [1] as [BIGINT] - [1]
23:16:11.582 [main] DEBUG org.hibernate.SQL - drop table if exists game_user
23:16:11.599 [main] DEBUG org.hibernate.SQL - drop table if exists gamerecord
23:16:11.603 [main] DEBUG org.hibernate.SQL - drop table if exists hibernate_sequence
23:16:11.609 [main] DEBUG org.hibernate.SQL - create table game_user (id_user bigint not null, userName varchar(255), primary key (id_user))
23:16:11.614 [main] DEBUG org.hibernate.SQL - create table gamerecord (id_gamerecord bigint not null, numGuesses integer not null, timestamp datetime, word varchar(255), id_user bigint, primary key (id_gamerecord))
23:16:11.618 [main] DEBUG org.hibernate.SQL - create table hibernate_sequence (next_val bigint)
23:16:11.621 [main] DEBUG org.hibernate.SQL - insert into hibernate_sequence values ( 1 )
23:16:20.885 [main] DEBUG org.hibernate.SQL - select user0_.id_user as id_user1_0_, user0_.userName as username2_0_ from game_user user0_ where user0_.userName='z'
23:16:20.909 [main] DEBUG org.hibernate.SQL - select next_val as id_val from hibernate_sequence
23:16:20.909 [main] DEBUG org.hibernate.SQL - update hibernate_sequence set next_val= ? where next_val=?
23:16:20.966 [main] DEBUG org.hibernate.SQL - insert into game_user (userName, id_user) values (?, ?)
23:16:20.969 [main] TRACE org.hibernate.type.descriptor.sql.BasicBinder - binding parameter [1] as [VARCHAR] - [z]
23:16:20.970 [main] TRACE org.hibernate.type.descriptor.sql.BasicBinder - binding parameter [2] as [BIGINT] - [1]
23:16:27.442 [main] DEBUG org.hibernate.SQL - select user0_.id_user as id_user1_0_, user0_.userName as username2_0_ from game_user user0_ where user0_.userName='z'
23:16:27.444 [main] TRACE org.hibernate.type.descriptor.sql.BasicExtractor - extracted value ([id_user1_0_] : [BIGINT]) - [1]
23:16:27.446 [main] TRACE org.hibernate.type.descriptor.sql.BasicExtractor - extracted value ([username2_0_] : [VARCHAR]) - [z]
23:16:27.454 [main] DEBUG org.hibernate.SQL - select gamerecord0_.id_user as id_user5_1_0_, gamerecord0_.id_gamerecord as id_gamer1_1_0_, gamerecord0_.id_gamerecord as id_gamer1_1_1_, gamerecord0_.numGuesses as numguess2_1_1_, gamerecord0_.timestamp as timestam3_1_1_, gamerecord0_.id_user as id_user5_1_1_, gamerecord0_.word as word4_1_1_ from gamerecord gamerecord0_ where gamerecord0_.id_user=?
23:16:27.454 [main] TRACE org.hibernate.type.descriptor.sql.BasicBinder - binding parameter [1] as [BIGINT] - [1]
23:18:10.852 [main] DEBUG org.hibernate.SQL - select user0_.id_user as id_user1_0_, user0_.userName as username2_0_ from game_user user0_ where user0_.userName='z'
23:18:10.852 [main] TRACE org.hibernate.type.descriptor.sql.BasicExtractor - extracted value ([id_user1_0_] : [BIGINT]) - [1]
23:18:10.853 [main] TRACE org.hibernate.type.descriptor.sql.BasicExtractor - extracted value ([username2_0_] : [VARCHAR]) - [z]
23:18:10.853 [main] DEBUG org.hibernate.SQL - select gamerecord0_.id_user as id_user5_1_0_, gamerecord0_.id_gamerecord as id_gamer1_1_0_, gamerecord0_.id_gamerecord as id_gamer1_1_1_, gamerecord0_.numGuesses as numguess2_1_1_, gamerecord0_.timestamp as timestam3_1_1_, gamerecord0_.id_user as id_user5_1_1_, gamerecord0_.word as word4_1_1_ from gamerecord gamerecord0_ where gamerecord0_.id_user=?
23:18:10.853 [main] TRACE org.hibernate.type.descriptor.sql.BasicBinder - binding parameter [1] as [BIGINT] - [1]
23:20:57.127 [main] DEBUG org.hibernate.SQL - select user0_.id_user as id_user1_0_, user0_.userName as username2_0_ from game_user user0_ where user0_.userName='z'
23:20:57.127 [main] TRACE org.hibernate.type.descriptor.sql.BasicExtractor - extracted value ([id_user1_0_] : [BIGINT]) - [1]
23:20:57.127 [main] TRACE org.hibernate.type.descriptor.sql.BasicExtractor - extracted value ([username2_0_] : [VARCHAR]) - [z]
23:20:57.127 [main] DEBUG org.hibernate.SQL - select gamerecord0_.id_user as id_user5_1_0_, gamerecord0_.id_gamerecord as id_gamer1_1_0_, gamerecord0_.id_gamerecord as id_gamer1_1_1_, gamerecord0_.numGuesses as numguess2_1_1_, gamerecord0_.timestamp as timestam3_1_1_, gamerecord0_.id_user as id_user5_1_1_, gamerecord0_.word as word4_1_1_ from gamerecord gamerecord0_ where gamerecord0_.id_user=?
23:20:57.127 [main] TRACE org.hibernate.type.descriptor.sql.BasicBinder - binding parameter [1] as [BIGINT] - [1]
23:21:52.495 [main] DEBUG org.hibernate.SQL - select user0_.id_user as id_user1_0_, user0_.userName as username2_0_ from game_user user0_ where user0_.userName='z'
23:21:52.495 [main] TRACE org.hibernate.type.descriptor.sql.BasicExtractor - extracted value ([id_user1_0_] : [BIGINT]) - [1]
23:21:52.496 [main] TRACE org.hibernate.type.descriptor.sql.BasicExtractor - extracted value ([username2_0_] : [VARCHAR]) - [z]
23:21:52.496 [main] DEBUG org.hibernate.SQL - select gamerecord0_.id_user as id_user5_1_0_, gamerecord0_.id_gamerecord as id_gamer1_1_0_, gamerecord0_.id_gamerecord as id_gamer1_1_1_, gamerecord0_.numGuesses as numguess2_1_1_, gamerecord0_.timestamp as timestam3_1_1_, gamerecord0_.id_user as id_user5_1_1_, gamerecord0_.word as word4_1_1_ from gamerecord gamerecord0_ where gamerecord0_.id_user=?
23:21:52.496 [main] TRACE org.hibernate.type.descriptor.sql.BasicBinder - binding parameter [1] as [BIGINT] - [1]
10:36:51.155 [main] DEBUG org.hibernate.SQL - drop table if exists game_user
10:36:51.171 [main] DEBUG org.hibernate.SQL - drop table if exists gamerecord
10:36:51.175 [main] DEBUG org.hibernate.SQL - drop table if exists hibernate_sequence
10:36:51.182 [main] DEBUG org.hibernate.SQL - create table game_user (id_user bigint not null, userName varchar(255), primary key (id_user))
10:36:51.187 [main] DEBUG org.hibernate.SQL - create table gamerecord (id_gamerecord bigint not null, numGuesses integer not null, timestamp datetime, word varchar(255), id_user bigint, primary key (id_gamerecord))
10:36:51.195 [main] DEBUG org.hibernate.SQL - create table hibernate_sequence (next_val bigint)
10:36:51.203 [main] DEBUG org.hibernate.SQL - insert into hibernate_sequence values ( 1 )
10:37:18.336 [main] DEBUG org.hibernate.SQL - select user0_.id_user as id_user1_0_, user0_.userName as username2_0_ from game_user user0_ where user0_.userName='z'
10:37:18.350 [main] DEBUG org.hibernate.SQL - select next_val as id_val from hibernate_sequence
10:37:18.351 [main] DEBUG org.hibernate.SQL - update hibernate_sequence set next_val= ? where next_val=?
10:37:18.379 [main] DEBUG org.hibernate.SQL - insert into game_user (userName, id_user) values (?, ?)
10:37:18.382 [main] TRACE org.hibernate.type.descriptor.sql.BasicBinder - binding parameter [1] as [VARCHAR] - [z]
10:37:18.382 [main] TRACE org.hibernate.type.descriptor.sql.BasicBinder - binding parameter [2] as [BIGINT] - [1]
10:37:24.141 [main] DEBUG org.hibernate.SQL - select user0_.id_user as id_user1_0_, user0_.userName as username2_0_ from game_user user0_ where user0_.userName='z'
10:37:24.143 [main] TRACE org.hibernate.type.descriptor.sql.BasicExtractor - extracted value ([id_user1_0_] : [BIGINT]) - [1]
10:37:24.145 [main] TRACE org.hibernate.type.descriptor.sql.BasicExtractor - extracted value ([username2_0_] : [VARCHAR]) - [z]
10:37:24.154 [main] DEBUG org.hibernate.SQL - select gamerecord0_.id_user as id_user5_1_0_, gamerecord0_.id_gamerecord as id_gamer1_1_0_, gamerecord0_.id_gamerecord as id_gamer1_1_1_, gamerecord0_.numGuesses as numguess2_1_1_, gamerecord0_.timestamp as timestam3_1_1_, gamerecord0_.id_user as id_user5_1_1_, gamerecord0_.word as word4_1_1_ from gamerecord gamerecord0_ where gamerecord0_.id_user=?
10:37:24.154 [main] TRACE org.hibernate.type.descriptor.sql.BasicBinder - binding parameter [1] as [BIGINT] - [1]
10:38:45.829 [main] DEBUG org.hibernate.SQL - select next_val as id_val from hibernate_sequence
10:38:45.829 [main] DEBUG org.hibernate.SQL - update hibernate_sequence set next_val= ? where next_val=?
10:38:45.875 [main] DEBUG org.hibernate.SQL - insert into gamerecord (numGuesses, timestamp, id_user, word, id_gamerecord) values (?, ?, ?, ?, ?)
10:38:45.877 [main] TRACE org.hibernate.type.descriptor.sql.BasicBinder - binding parameter [1] as [INTEGER] - [5]
10:38:45.879 [main] TRACE org.hibernate.type.descriptor.sql.BasicBinder - binding parameter [2] as [TIMESTAMP] - [Tue Jun 07 10:38:45 NZST 2022]
10:38:45.880 [main] TRACE org.hibernate.type.descriptor.sql.BasicBinder - binding parameter [3] as [BIGINT] - [1]
10:38:45.880 [main] TRACE org.hibernate.type.descriptor.sql.BasicBinder - binding parameter [4] as [VARCHAR] - [gully]
10:38:45.881 [main] TRACE org.hibernate.type.descriptor.sql.BasicBinder - binding parameter [5] as [BIGINT] - [2]
10:39:09.309 [main] DEBUG org.hibernate.SQL - drop table if exists game_user
10:39:09.325 [main] DEBUG org.hibernate.SQL - drop table if exists gamerecord
10:39:09.332 [main] DEBUG org.hibernate.SQL - drop table if exists hibernate_sequence
10:39:09.339 [main] DEBUG org.hibernate.SQL - create table game_user (id_user bigint not null, userName varchar(255), primary key (id_user))
10:39:09.345 [main] DEBUG org.hibernate.SQL - create table gamerecord (id_gamerecord bigint not null, numGuesses integer not null, timestamp datetime, word varchar(255), id_user bigint, primary key (id_gamerecord))
10:39:09.351 [main] DEBUG org.hibernate.SQL - create table hibernate_sequence (next_val bigint)
10:39:09.356 [main] DEBUG org.hibernate.SQL - insert into hibernate_sequence values ( 1 )
10:39:16.433 [main] DEBUG org.hibernate.SQL - select user0_.id_user as id_user1_0_, user0_.userName as username2_0_ from game_user user0_ where user0_.userName='z'
10:39:16.450 [main] DEBUG org.hibernate.SQL - select next_val as id_val from hibernate_sequence
10:39:16.451 [main] DEBUG org.hibernate.SQL - update hibernate_sequence set next_val= ? where next_val=?
10:39:16.477 [main] DEBUG org.hibernate.SQL - insert into game_user (userName, id_user) values (?, ?)
10:39:16.480 [main] TRACE org.hibernate.type.descriptor.sql.BasicBinder - binding parameter [1] as [VARCHAR] - [z]
10:39:16.480 [main] TRACE org.hibernate.type.descriptor.sql.BasicBinder - binding parameter [2] as [BIGINT] - [1]
10:39:23.065 [main] DEBUG org.hibernate.SQL - select user0_.id_user as id_user1_0_, user0_.userName as username2_0_ from game_user user0_ where user0_.userName='z'
10:39:23.067 [main] TRACE org.hibernate.type.descriptor.sql.BasicExtractor - extracted value ([id_user1_0_] : [BIGINT]) - [1]
10:39:23.069 [main] TRACE org.hibernate.type.descriptor.sql.BasicExtractor - extracted value ([username2_0_] : [VARCHAR]) - [z]
10:39:23.086 [main] DEBUG org.hibernate.SQL - select gamerecord0_.id_user as id_user5_1_0_, gamerecord0_.id_gamerecord as id_gamer1_1_0_, gamerecord0_.id_gamerecord as id_gamer1_1_1_, gamerecord0_.numGuesses as numguess2_1_1_, gamerecord0_.timestamp as timestam3_1_1_, gamerecord0_.id_user as id_user5_1_1_, gamerecord0_.word as word4_1_1_ from gamerecord gamerecord0_ where gamerecord0_.id_user=?
10:39:23.087 [main] TRACE org.hibernate.type.descriptor.sql.BasicBinder - binding parameter [1] as [BIGINT] - [1]
10:39:44.395 [main] DEBUG org.hibernate.SQL - select next_val as id_val from hibernate_sequence
10:39:44.396 [main] DEBUG org.hibernate.SQL - update hibernate_sequence set next_val= ? where next_val=?
10:39:44.428 [main] DEBUG org.hibernate.SQL - insert into gamerecord (numGuesses, timestamp, id_user, word, id_gamerecord) values (?, ?, ?, ?, ?)
10:39:44.429 [main] TRACE org.hibernate.type.descriptor.sql.BasicBinder - binding parameter [1] as [INTEGER] - [3]
10:39:44.430 [main] TRACE org.hibernate.type.descriptor.sql.BasicBinder - binding parameter [2] as [TIMESTAMP] - [Tue Jun 07 10:39:44 NZST 2022]
10:39:44.432 [main] TRACE org.hibernate.type.descriptor.sql.BasicBinder - binding parameter [3] as [BIGINT] - [1]
10:39:44.432 [main] TRACE org.hibernate.type.descriptor.sql.BasicBinder - binding parameter [4] as [VARCHAR] - [gully]
10:39:44.432 [main] TRACE org.hibernate.type.descriptor.sql.BasicBinder - binding parameter [5] as [BIGINT] - [2]
10:40:03.896 [main] DEBUG org.hibernate.SQL - select user0_.id_user as id_user1_0_, user0_.userName as username2_0_ from game_user user0_ where user0_.userName='z'
10:40:03.897 [main] TRACE org.hibernate.type.descriptor.sql.BasicExtractor - extracted value ([id_user1_0_] : [BIGINT]) - [1]
10:40:03.898 [main] TRACE org.hibernate.type.descriptor.sql.BasicExtractor - extracted value ([username2_0_] : [VARCHAR]) - [z]
10:40:03.898 [main] DEBUG org.hibernate.SQL - select gamerecord0_.id_user as id_user5_1_0_, gamerecord0_.id_gamerecord as id_gamer1_1_0_, gamerecord0_.id_gamerecord as id_gamer1_1_1_, gamerecord0_.numGuesses as numguess2_1_1_, gamerecord0_.timestamp as timestam3_1_1_, gamerecord0_.id_user as id_user5_1_1_, gamerecord0_.word as word4_1_1_ from gamerecord gamerecord0_ where gamerecord0_.id_user=?
10:40:03.899 [main] TRACE org.hibernate.type.descriptor.sql.BasicBinder - binding parameter [1] as [BIGINT] - [1]
10:40:03.901 [main] TRACE org.hibernate.type.descriptor.sql.BasicExtractor - extracted value ([id_gamer1_1_1_] : [BIGINT]) - [2]
10:40:03.903 [main] TRACE org.hibernate.type.descriptor.sql.BasicExtractor - extracted value ([numguess2_1_1_] : [INTEGER]) - [3]
10:40:03.904 [main] TRACE org.hibernate.type.descriptor.sql.BasicExtractor - extracted value ([timestam3_1_1_] : [TIMESTAMP]) - [2022-06-07 10:39:44.387]
10:40:03.904 [main] TRACE org.hibernate.type.descriptor.sql.BasicExtractor - extracted value ([id_user5_1_1_] : [BIGINT]) - [1]
10:40:03.904 [main] TRACE org.hibernate.type.descriptor.sql.BasicExtractor - extracted value ([word4_1_1_] : [VARCHAR]) - [gully]
10:40:03.905 [main] TRACE org.hibernate.type.descriptor.sql.BasicExtractor - extracted value ([id_user5_1_0_] : [BIGINT]) - [1]
10:40:03.906 [main] TRACE org.hibernate.type.descriptor.sql.BasicExtractor - extracted value ([id_gamer1_1_0_] : [BIGINT]) - [2]
10:43:02.453 [main] DEBUG org.hibernate.SQL - select user0_.id_user as id_user1_0_, user0_.userName as username2_0_ from game_user user0_ where user0_.userName='z'
10:43:02.453 [main] TRACE org.hibernate.type.descriptor.sql.BasicExtractor - extracted value ([id_user1_0_] : [BIGINT]) - [1]
10:43:02.454 [main] TRACE org.hibernate.type.descriptor.sql.BasicExtractor - extracted value ([username2_0_] : [VARCHAR]) - [z]
10:43:02.454 [main] DEBUG org.hibernate.SQL - select gamerecord0_.id_user as id_user5_1_0_, gamerecord0_.id_gamerecord as id_gamer1_1_0_, gamerecord0_.id_gamerecord as id_gamer1_1_1_, gamerecord0_.numGuesses as numguess2_1_1_, gamerecord0_.timestamp as timestam3_1_1_, gamerecord0_.id_user as id_user5_1_1_, gamerecord0_.word as word4_1_1_ from gamerecord gamerecord0_ where gamerecord0_.id_user=?
10:43:02.454 [main] TRACE org.hibernate.type.descriptor.sql.BasicBinder - binding parameter [1] as [BIGINT] - [1]
10:43:02.455 [main] TRACE org.hibernate.type.descriptor.sql.BasicExtractor - extracted value ([id_gamer1_1_1_] : [BIGINT]) - [2]
10:43:02.455 [main] TRACE org.hibernate.type.descriptor.sql.BasicExtractor - extracted value ([numguess2_1_1_] : [INTEGER]) - [3]
10:43:02.455 [main] TRACE org.hibernate.type.descriptor.sql.BasicExtractor - extracted value ([timestam3_1_1_] : [TIMESTAMP]) - [2022-06-07 10:39:44.387]
10:43:02.455 [main] TRACE org.hibernate.type.descriptor.sql.BasicExtractor - extracted value ([id_user5_1_1_] : [BIGINT]) - [1]
10:43:02.455 [main] TRACE org.hibernate.type.descriptor.sql.BasicExtractor - extracted value ([word4_1_1_] : [VARCHAR]) - [gully]
10:43:02.455 [main] TRACE org.hibernate.type.descriptor.sql.BasicExtractor - extracted value ([id_user5_1_0_] : [BIGINT]) - [1]
10:43:02.455 [main] TRACE org.hibernate.type.descriptor.sql.BasicExtractor - extracted value ([id_gamer1_1_0_] : [BIGINT]) - [2]
13:55:35.692 [main] DEBUG org.hibernate.SQL - drop table if exists game_user
13:55:35.703 [main] DEBUG org.hibernate.SQL - drop table if exists gamerecord
13:55:35.708 [main] DEBUG org.hibernate.SQL - drop table if exists hibernate_sequence
13:55:35.715 [main] DEBUG org.hibernate.SQL - create table game_user (id_user bigint not null, userName varchar(255), primary key (id_user))
13:55:35.720 [main] DEBUG org.hibernate.SQL - create table gamerecord (id_gamerecord bigint not null, numGuesses integer not null, timestamp datetime, word varchar(255), id_user bigint, primary key (id_gamerecord))
13:55:35.725 [main] DEBUG org.hibernate.SQL - create table hibernate_sequence (next_val bigint)
13:55:35.730 [main] DEBUG org.hibernate.SQL - insert into hibernate_sequence values ( 1 )
13:55:44.700 [main] DEBUG org.hibernate.SQL - select user0_.id_user as id_user1_0_, user0_.userName as username2_0_ from game_user user0_ where user0_.userName='a'
13:55:44.720 [main] DEBUG org.hibernate.SQL - select next_val as id_val from hibernate_sequence
13:55:44.721 [main] DEBUG org.hibernate.SQL - update hibernate_sequence set next_val= ? where next_val=?
13:55:44.750 [main] DEBUG org.hibernate.SQL - insert into game_user (userName, id_user) values (?, ?)
13:55:44.752 [main] TRACE org.hibernate.type.descriptor.sql.BasicBinder - binding parameter [1] as [VARCHAR] - [a]
13:55:44.753 [main] TRACE org.hibernate.type.descriptor.sql.BasicBinder - binding parameter [2] as [BIGINT] - [1]
13:55:50.356 [main] DEBUG org.hibernate.SQL - select user0_.id_user as id_user1_0_, user0_.userName as username2_0_ from game_user user0_ where user0_.userName='a'
13:55:50.358 [main] TRACE org.hibernate.type.descriptor.sql.BasicExtractor - extracted value ([id_user1_0_] : [BIGINT]) - [1]
13:55:50.360 [main] TRACE org.hibernate.type.descriptor.sql.BasicExtractor - extracted value ([username2_0_] : [VARCHAR]) - [a]
13:55:50.372 [main] DEBUG org.hibernate.SQL - select gamerecord0_.id_user as id_user5_1_0_, gamerecord0_.id_gamerecord as id_gamer1_1_0_, gamerecord0_.id_gamerecord as id_gamer1_1_1_, gamerecord0_.numGuesses as numguess2_1_1_, gamerecord0_.timestamp as timestam3_1_1_, gamerecord0_.id_user as id_user5_1_1_, gamerecord0_.word as word4_1_1_ from gamerecord gamerecord0_ where gamerecord0_.id_user=?
13:55:50.373 [main] TRACE org.hibernate.type.descriptor.sql.BasicBinder - binding parameter [1] as [BIGINT] - [1]
13:56:30.572 [main] DEBUG org.hibernate.SQL - select next_val as id_val from hibernate_sequence
13:56:30.573 [main] DEBUG org.hibernate.SQL - update hibernate_sequence set next_val= ? where next_val=?
13:56:30.610 [main] DEBUG org.hibernate.SQL - insert into gamerecord (numGuesses, timestamp, id_user, word, id_gamerecord) values (?, ?, ?, ?, ?)
13:56:30.611 [main] TRACE org.hibernate.type.descriptor.sql.BasicBinder - binding parameter [1] as [INTEGER] - [2]
13:56:30.611 [main] TRACE org.hibernate.type.descriptor.sql.BasicBinder - binding parameter [2] as [TIMESTAMP] - [Tue Jun 07 13:56:30 NZST 2022]
13:56:30.612 [main] TRACE org.hibernate.type.descriptor.sql.BasicBinder - binding parameter [3] as [BIGINT] - [1]
13:56:30.612 [main] TRACE org.hibernate.type.descriptor.sql.BasicBinder - binding parameter [4] as [VARCHAR] - [gully]
13:56:30.612 [main] TRACE org.hibernate.type.descriptor.sql.BasicBinder - binding parameter [5] as [BIGINT] - [2]
13:56:46.905 [main] DEBUG org.hibernate.SQL - select user0_.id_user as id_user1_0_, user0_.userName as username2_0_ from game_user user0_ where user0_.userName='a'
13:56:46.907 [main] TRACE org.hibernate.type.descriptor.sql.BasicExtractor - extracted value ([id_user1_0_] : [BIGINT]) - [1]
13:56:46.907 [main] TRACE org.hibernate.type.descriptor.sql.BasicExtractor - extracted value ([username2_0_] : [VARCHAR]) - [a]
13:56:46.907 [main] DEBUG org.hibernate.SQL - select gamerecord0_.id_user as id_user5_1_0_, gamerecord0_.id_gamerecord as id_gamer1_1_0_, gamerecord0_.id_gamerecord as id_gamer1_1_1_, gamerecord0_.numGuesses as numguess2_1_1_, gamerecord0_.timestamp as timestam3_1_1_, gamerecord0_.id_user as id_user5_1_1_, gamerecord0_.word as word4_1_1_ from gamerecord gamerecord0_ where gamerecord0_.id_user=?
13:56:46.907 [main] TRACE org.hibernate.type.descriptor.sql.BasicBinder - binding parameter [1] as [BIGINT] - [1]
13:56:46.908 [main] TRACE org.hibernate.type.descriptor.sql.BasicExtractor - extracted value ([id_gamer1_1_1_] : [BIGINT]) - [2]
13:56:46.911 [main] TRACE org.hibernate.type.descriptor.sql.BasicExtractor - extracted value ([numguess2_1_1_] : [INTEGER]) - [2]
13:56:46.911 [main] TRACE org.hibernate.type.descriptor.sql.BasicExtractor - extracted value ([timestam3_1_1_] : [TIMESTAMP]) - [2022-06-07 13:56:30.563]
13:56:46.912 [main] TRACE org.hibernate.type.descriptor.sql.BasicExtractor - extracted value ([id_user5_1_1_] : [BIGINT]) - [1]
13:56:46.912 [main] TRACE org.hibernate.type.descriptor.sql.BasicExtractor - extracted value ([word4_1_1_] : [VARCHAR]) - [gully]
13:56:46.912 [main] TRACE org.hibernate.type.descriptor.sql.BasicExtractor - extracted value ([id_user5_1_0_] : [BIGINT]) - [1]
13:56:46.912 [main] TRACE org.hibernate.type.descriptor.sql.BasicExtractor - extracted value ([id_gamer1_1_0_] : [BIGINT]) - [2]
13:57:28.919 [main] DEBUG org.hibernate.SQL - select user0_.id_user as id_user1_0_, user0_.userName as username2_0_ from game_user user0_ where user0_.userName='a'
13:57:28.920 [main] TRACE org.hibernate.type.descriptor.sql.BasicExtractor - extracted value ([id_user1_0_] : [BIGINT]) - [1]
13:57:28.920 [main] TRACE org.hibernate.type.descriptor.sql.BasicExtractor - extracted value ([username2_0_] : [VARCHAR]) - [a]
13:57:28.921 [main] DEBUG org.hibernate.SQL - select gamerecord0_.id_user as id_user5_1_0_, gamerecord0_.id_gamerecord as id_gamer1_1_0_, gamerecord0_.id_gamerecord as id_gamer1_1_1_, gamerecord0_.numGuesses as numguess2_1_1_, gamerecord0_.timestamp as timestam3_1_1_, gamerecord0_.id_user as id_user5_1_1_, gamerecord0_.word as word4_1_1_ from gamerecord gamerecord0_ where gamerecord0_.id_user=?
13:57:28.921 [main] TRACE org.hibernate.type.descriptor.sql.BasicBinder - binding parameter [1] as [BIGINT] - [1]
13:57:28.922 [main] TRACE org.hibernate.type.descriptor.sql.BasicExtractor - extracted value ([id_gamer1_1_1_] : [BIGINT]) - [2]
13:57:28.922 [main] TRACE org.hibernate.type.descriptor.sql.BasicExtractor - extracted value ([numguess2_1_1_] : [INTEGER]) - [2]
13:57:28.922 [main] TRACE org.hibernate.type.descriptor.sql.BasicExtractor - extracted value ([timestam3_1_1_] : [TIMESTAMP]) - [2022-06-07 13:56:30.563]
13:57:28.922 [main] TRACE org.hibernate.type.descriptor.sql.BasicExtractor - extracted value ([id_user5_1_1_] : [BIGINT]) - [1]
13:57:28.922 [main] TRACE org.hibernate.type.descriptor.sql.BasicExtractor - extracted value ([word4_1_1_] : [VARCHAR]) - [gully]
13:57:28.923 [main] TRACE org.hibernate.type.descriptor.sql.BasicExtractor - extracted value ([id_user5_1_0_] : [BIGINT]) - [1]
13:57:28.923 [main] TRACE org.hibernate.type.descriptor.sql.BasicExtractor - extracted value ([id_gamer1_1_0_] : [BIGINT]) - [2]
13:59:38.219 [main] DEBUG org.hibernate.SQL - drop table if exists game_user
13:59:38.230 [main] DEBUG org.hibernate.SQL - drop table if exists gamerecord
13:59:38.234 [main] DEBUG org.hibernate.SQL - drop table if exists hibernate_sequence
13:59:38.247 [main] DEBUG org.hibernate.SQL - create table game_user (id_user bigint not null, userName varchar(255), primary key (id_user))
13:59:38.262 [main] DEBUG org.hibernate.SQL - create table gamerecord (id_gamerecord bigint not null, numGuesses integer not null, timestamp datetime, word varchar(255), id_user bigint, primary key (id_gamerecord))
13:59:38.267 [main] DEBUG org.hibernate.SQL - create table hibernate_sequence (next_val bigint)
13:59:38.275 [main] DEBUG org.hibernate.SQL - insert into hibernate_sequence values ( 1 )
13:59:58.570 [main] DEBUG org.hibernate.SQL - select user0_.id_user as id_user1_0_, user0_.userName as username2_0_ from game_user user0_ where user0_.userName='z'
14:00:09.076 [main] DEBUG org.hibernate.SQL - select user0_.id_user as id_user1_0_, user0_.userName as username2_0_ from game_user user0_ where user0_.userName='z'
14:00:09.097 [main] DEBUG org.hibernate.SQL - select next_val as id_val from hibernate_sequence
14:00:09.098 [main] DEBUG org.hibernate.SQL - update hibernate_sequence set next_val= ? where next_val=?
14:00:09.128 [main] DEBUG org.hibernate.SQL - insert into game_user (userName, id_user) values (?, ?)
14:00:09.130 [main] TRACE org.hibernate.type.descriptor.sql.BasicBinder - binding parameter [1] as [VARCHAR] - [z]
14:00:09.130 [main] TRACE org.hibernate.type.descriptor.sql.BasicBinder - binding parameter [2] as [BIGINT] - [1]
14:00:14.430 [main] DEBUG org.hibernate.SQL - select user0_.id_user as id_user1_0_, user0_.userName as username2_0_ from game_user user0_ where user0_.userName='z'
14:00:14.432 [main] TRACE org.hibernate.type.descriptor.sql.BasicExtractor - extracted value ([id_user1_0_] : [BIGINT]) - [1]
14:00:14.434 [main] TRACE org.hibernate.type.descriptor.sql.BasicExtractor - extracted value ([username2_0_] : [VARCHAR]) - [z]
14:00:14.445 [main] DEBUG org.hibernate.SQL - select gamerecord0_.id_user as id_user5_1_0_, gamerecord0_.id_gamerecord as id_gamer1_1_0_, gamerecord0_.id_gamerecord as id_gamer1_1_1_, gamerecord0_.numGuesses as numguess2_1_1_, gamerecord0_.timestamp as timestam3_1_1_, gamerecord0_.id_user as id_user5_1_1_, gamerecord0_.word as word4_1_1_ from gamerecord gamerecord0_ where gamerecord0_.id_user=?
14:00:14.445 [main] TRACE org.hibernate.type.descriptor.sql.BasicBinder - binding parameter [1] as [BIGINT] - [1]
14:19:54.326 [main] DEBUG org.hibernate.SQL - drop table if exists game_user
14:19:54.334 [main] DEBUG org.hibernate.SQL - drop table if exists gamerecord
14:19:54.343 [main] DEBUG org.hibernate.SQL - drop table if exists hibernate_sequence
14:19:54.350 [main] DEBUG org.hibernate.SQL - create table game_user (id_user bigint not null, userName varchar(255), primary key (id_user))
14:19:54.358 [main] DEBUG org.hibernate.SQL - create table gamerecord (id_gamerecord bigint not null, numGuesses integer not null, timestamp datetime, word varchar(255), id_user bigint, primary key (id_gamerecord))
14:19:54.363 [main] DEBUG org.hibernate.SQL - create table hibernate_sequence (next_val bigint)
14:19:54.368 [main] DEBUG org.hibernate.SQL - insert into hibernate_sequence values ( 1 )
14:20:05.335 [main] DEBUG org.hibernate.SQL - select user0_.id_user as id_user1_0_, user0_.userName as username2_0_ from game_user user0_ where user0_.userName='khan'
14:20:05.354 [main] DEBUG org.hibernate.SQL - select next_val as id_val from hibernate_sequence
14:20:05.354 [main] DEBUG org.hibernate.SQL - update hibernate_sequence set next_val= ? where next_val=?
14:20:05.381 [main] DEBUG org.hibernate.SQL - insert into game_user (userName, id_user) values (?, ?)
14:20:05.382 [main] TRACE org.hibernate.type.descriptor.sql.BasicBinder - binding parameter [1] as [VARCHAR] - [khan]
14:20:05.383 [main] TRACE org.hibernate.type.descriptor.sql.BasicBinder - binding parameter [2] as [BIGINT] - [1]
14:20:12.958 [main] DEBUG org.hibernate.SQL - select user0_.id_user as id_user1_0_, user0_.userName as username2_0_ from game_user user0_ where user0_.userName='khan'
14:20:12.960 [main] TRACE org.hibernate.type.descriptor.sql.BasicExtractor - extracted value ([id_user1_0_] : [BIGINT]) - [1]
14:20:12.963 [main] TRACE org.hibernate.type.descriptor.sql.BasicExtractor - extracted value ([username2_0_] : [VARCHAR]) - [khan]
14:20:12.975 [main] DEBUG org.hibernate.SQL - select gamerecord0_.id_user as id_user5_1_0_, gamerecord0_.id_gamerecord as id_gamer1_1_0_, gamerecord0_.id_gamerecord as id_gamer1_1_1_, gamerecord0_.numGuesses as numguess2_1_1_, gamerecord0_.timestamp as timestam3_1_1_, gamerecord0_.id_user as id_user5_1_1_, gamerecord0_.word as word4_1_1_ from gamerecord gamerecord0_ where gamerecord0_.id_user=?
14:20:12.975 [main] TRACE org.hibernate.type.descriptor.sql.BasicBinder - binding parameter [1] as [BIGINT] - [1]
15:37:52.494 [main] DEBUG org.hibernate.SQL - drop table if exists game_user
15:37:52.508 [main] DEBUG org.hibernate.SQL - drop table if exists gamerecord
15:37:52.513 [main] DEBUG org.hibernate.SQL - drop table if exists hibernate_sequence
15:37:52.521 [main] DEBUG org.hibernate.SQL - create table game_user (id_user bigint not null, userName varchar(255), primary key (id_user))
15:37:52.527 [main] DEBUG org.hibernate.SQL - create table gamerecord (id_gamerecord bigint not null, numGuesses integer not null, timestamp datetime, word varchar(255), id_user bigint, primary key (id_gamerecord))
15:37:52.533 [main] DEBUG org.hibernate.SQL - create table hibernate_sequence (next_val bigint)
15:37:52.539 [main] DEBUG org.hibernate.SQL - insert into hibernate_sequence values ( 1 )
15:37:58.784 [main] DEBUG org.hibernate.SQL - select user0_.id_user as id_user1_0_, user0_.userName as username2_0_ from game_user user0_ where user0_.userName='a'
15:37:58.799 [main] DEBUG org.hibernate.SQL - select next_val as id_val from hibernate_sequence
15:37:58.800 [main] DEBUG org.hibernate.SQL - update hibernate_sequence set next_val= ? where next_val=?
15:37:58.824 [main] DEBUG org.hibernate.SQL - insert into game_user (userName, id_user) values (?, ?)
15:37:58.826 [main] TRACE org.hibernate.type.descriptor.sql.BasicBinder - binding parameter [1] as [VARCHAR] - [a]
15:37:58.826 [main] TRACE org.hibernate.type.descriptor.sql.BasicBinder - binding parameter [2] as [BIGINT] - [1]
15:38:08.563 [main] DEBUG org.hibernate.SQL - select user0_.id_user as id_user1_0_, user0_.userName as username2_0_ from game_user user0_ where user0_.userName='a'
15:38:08.565 [main] TRACE org.hibernate.type.descriptor.sql.BasicExtractor - extracted value ([id_user1_0_] : [BIGINT]) - [1]
15:38:08.567 [main] TRACE org.hibernate.type.descriptor.sql.BasicExtractor - extracted value ([username2_0_] : [VARCHAR]) - [a]
15:38:08.577 [main] DEBUG org.hibernate.SQL - select gamerecord0_.id_user as id_user5_1_0_, gamerecord0_.id_gamerecord as id_gamer1_1_0_, gamerecord0_.id_gamerecord as id_gamer1_1_1_, gamerecord0_.numGuesses as numguess2_1_1_, gamerecord0_.timestamp as timestam3_1_1_, gamerecord0_.id_user as id_user5_1_1_, gamerecord0_.word as word4_1_1_ from gamerecord gamerecord0_ where gamerecord0_.id_user=?
15:38:08.578 [main] TRACE org.hibernate.type.descriptor.sql.BasicBinder - binding parameter [1] as [BIGINT] - [1]
15:38:31.844 [main] DEBUG org.hibernate.SQL - select next_val as id_val from hibernate_sequence
15:38:31.845 [main] DEBUG org.hibernate.SQL - update hibernate_sequence set next_val= ? where next_val=?
15:38:31.876 [main] DEBUG org.hibernate.SQL - insert into gamerecord (numGuesses, timestamp, id_user, word, id_gamerecord) values (?, ?, ?, ?, ?)
15:38:31.877 [main] TRACE org.hibernate.type.descriptor.sql.BasicBinder - binding parameter [1] as [INTEGER] - [2]
15:38:31.878 [main] TRACE org.hibernate.type.descriptor.sql.BasicBinder - binding parameter [2] as [TIMESTAMP] - [Tue Jun 07 15:38:31 NZST 2022]
15:38:31.879 [main] TRACE org.hibernate.type.descriptor.sql.BasicBinder - binding parameter [3] as [BIGINT] - [1]
15:38:31.879 [main] TRACE org.hibernate.type.descriptor.sql.BasicBinder - binding parameter [4] as [VARCHAR] - [gully]
15:38:31.879 [main] TRACE org.hibernate.type.descriptor.sql.BasicBinder - binding parameter [5] as [BIGINT] - [2]
